{"/Users/andela/Desktop/UN/UNTEST/server.js": {"path":"/Users/andela/Desktop/UN/UNTEST/server.js","statementMap":{"0":{"start":{"line":11,"column":12},"end":{"line":11,"column":21}},"1":{"start":{"line":13,"column":0},"end":{"line":13,"column":30}},"2":{"start":{"line":16,"column":0},"end":{"line":16,"column":24}},"3":{"start":{"line":20,"column":50},"end":{"line":20,"column":61}},"4":{"start":{"line":29,"column":13},"end":{"line":29,"column":37}},"5":{"start":{"line":51,"column":0},"end":{"line":69,"column":2}},"6":{"start":{"line":52,"column":4},"end":{"line":52,"column":55}},"7":{"start":{"line":53,"column":4},"end":{"line":53,"column":78}},"8":{"start":{"line":54,"column":4},"end":{"line":59,"column":5}},"9":{"start":{"line":55,"column":8},"end":{"line":55,"column":45}},"10":{"start":{"line":58,"column":8},"end":{"line":58,"column":36}},"11":{"start":{"line":60,"column":4},"end":{"line":63,"column":7}},"12":{"start":{"line":64,"column":4},"end":{"line":64,"column":24}},"13":{"start":{"line":65,"column":4},"end":{"line":65,"column":24}},"14":{"start":{"line":66,"column":4},"end":{"line":66,"column":27}},"15":{"start":{"line":67,"column":4},"end":{"line":67,"column":32}},"16":{"start":{"line":68,"column":4},"end":{"line":68,"column":28}}},"fnMap":{"0":{"name":"(anonymous_0)","decl":{"start":{"line":51,"column":17},"end":{"line":51,"column":18}},"loc":{"start":{"line":51,"column":29},"end":{"line":69,"column":1}},"line":51}},"branchMap":{"0":{"loc":{"start":{"line":29,"column":13},"end":{"line":29,"column":37}},"type":"binary-expr","locations":[{"start":{"line":29,"column":13},"end":{"line":29,"column":29}},{"start":{"line":29,"column":33},"end":{"line":29,"column":37}}],"line":29},"1":{"loc":{"start":{"line":53,"column":27},"end":{"line":53,"column":77}},"type":"cond-expr","locations":[{"start":{"line":53,"column":49},"end":{"line":53,"column":62}},{"start":{"line":53,"column":65},"end":{"line":53,"column":77}}],"line":53}},"s":{"0":1,"1":1,"2":1,"3":1,"4":1,"5":1,"6":1,"7":1,"8":0,"9":0,"10":0,"11":0,"12":0,"13":0,"14":0,"15":0,"16":0},"f":{"0":1},"b":{"0":[1,0],"1":[1,0]},"_coverageSchema":"1a1c01bbd47fc00a2c39e90264f33305004495a9","hash":"748325aadf1e1e010997879f8e6eba8f6bb0f8ed"}
,"/Users/andela/Desktop/UN/UNTEST/Blogs/blogs_Schema.js": {"path":"/Users/andela/Desktop/UN/UNTEST/Blogs/blogs_Schema.js","statementMap":{"0":{"start":{"line":2,"column":19},"end":{"line":2,"column":27}},"1":{"start":{"line":4,"column":19},"end":{"line":12,"column":2}}},"fnMap":{},"branchMap":{},"s":{"0":1,"1":1},"f":{},"b":{},"_coverageSchema":"1a1c01bbd47fc00a2c39e90264f33305004495a9","hash":"0572770020adf1cb3c110c8e3ca5c4a7d2451417"}
,"/Users/andela/Desktop/UN/UNTEST/Blogs/Controllers_Blog/blogs_functions.js": {"path":"/Users/andela/Desktop/UN/UNTEST/Blogs/Controllers_Blog/blogs_functions.js","statementMap":{"0":{"start":{"line":5,"column":17},"end":{"line":27,"column":1}},"1":{"start":{"line":7,"column":4},"end":{"line":25,"column":5}},"2":{"start":{"line":9,"column":22},"end":{"line":18,"column":10}},"3":{"start":{"line":19,"column":8},"end":{"line":22,"column":10}},"4":{"start":{"line":24,"column":8},"end":{"line":24,"column":26}},"5":{"start":{"line":29,"column":19},"end":{"line":43,"column":1}},"6":{"start":{"line":30,"column":4},"end":{"line":42,"column":5}},"7":{"start":{"line":31,"column":22},"end":{"line":33,"column":10}},"8":{"start":{"line":35,"column":8},"end":{"line":38,"column":10}},"9":{"start":{"line":41,"column":8},"end":{"line":41,"column":26}},"10":{"start":{"line":44,"column":19},"end":{"line":56,"column":1}},"11":{"start":{"line":45,"column":4},"end":{"line":55,"column":5}},"12":{"start":{"line":46,"column":19},"end":{"line":46,"column":32}},"13":{"start":{"line":47,"column":23},"end":{"line":47,"column":52}},"14":{"start":{"line":48,"column":8},"end":{"line":48,"column":92}},"15":{"start":{"line":48,"column":21},"end":{"line":48,"column":92}},"16":{"start":{"line":49,"column":8},"end":{"line":52,"column":10}},"17":{"start":{"line":54,"column":8},"end":{"line":54,"column":26}},"18":{"start":{"line":57,"column":19},"end":{"line":75,"column":1}},"19":{"start":{"line":58,"column":4},"end":{"line":74,"column":5}},"20":{"start":{"line":59,"column":19},"end":{"line":59,"column":32}},"21":{"start":{"line":63,"column":27},"end":{"line":65,"column":10}},"22":{"start":{"line":68,"column":8},"end":{"line":71,"column":10}},"23":{"start":{"line":73,"column":8},"end":{"line":73,"column":26}},"24":{"start":{"line":76,"column":19},"end":{"line":91,"column":1}},"25":{"start":{"line":77,"column":4},"end":{"line":90,"column":5}},"26":{"start":{"line":78,"column":19},"end":{"line":78,"column":32}},"27":{"start":{"line":79,"column":23},"end":{"line":79,"column":61}},"28":{"start":{"line":80,"column":8},"end":{"line":82,"column":9}},"29":{"start":{"line":81,"column":12},"end":{"line":81,"column":93}},"30":{"start":{"line":84,"column":8},"end":{"line":87,"column":10}},"31":{"start":{"line":89,"column":8},"end":{"line":89,"column":26}},"32":{"start":{"line":93,"column":22},"end":{"line":103,"column":1}},"33":{"start":{"line":94,"column":18},"end":{"line":94,"column":41}},"34":{"start":{"line":95,"column":4},"end":{"line":95,"column":56}},"35":{"start":{"line":95,"column":25},"end":{"line":95,"column":54}},"36":{"start":{"line":96,"column":4},"end":{"line":102,"column":5}},"37":{"start":{"line":97,"column":8},"end":{"line":99,"column":10}},"38":{"start":{"line":101,"column":8},"end":{"line":101,"column":15}}},"fnMap":{"0":{"name":"(anonymous_0)","decl":{"start":{"line":5,"column":17},"end":{"line":5,"column":18}},"loc":{"start":{"line":5,"column":37},"end":{"line":27,"column":1}},"line":5},"1":{"name":"(anonymous_1)","decl":{"start":{"line":29,"column":19},"end":{"line":29,"column":20}},"loc":{"start":{"line":29,"column":39},"end":{"line":43,"column":1}},"line":29},"2":{"name":"(anonymous_2)","decl":{"start":{"line":44,"column":19},"end":{"line":44,"column":20}},"loc":{"start":{"line":44,"column":39},"end":{"line":56,"column":1}},"line":44},"3":{"name":"(anonymous_3)","decl":{"start":{"line":57,"column":19},"end":{"line":57,"column":20}},"loc":{"start":{"line":57,"column":39},"end":{"line":75,"column":1}},"line":57},"4":{"name":"(anonymous_4)","decl":{"start":{"line":76,"column":19},"end":{"line":76,"column":20}},"loc":{"start":{"line":76,"column":39},"end":{"line":91,"column":1}},"line":76},"5":{"name":"(anonymous_5)","decl":{"start":{"line":93,"column":22},"end":{"line":93,"column":23}},"loc":{"start":{"line":93,"column":48},"end":{"line":103,"column":1}},"line":93},"6":{"name":"(anonymous_6)","decl":{"start":{"line":95,"column":17},"end":{"line":95,"column":18}},"loc":{"start":{"line":95,"column":25},"end":{"line":95,"column":54}},"line":95}},"branchMap":{"0":{"loc":{"start":{"line":48,"column":8},"end":{"line":48,"column":92}},"type":"if","locations":[{"start":{"line":48,"column":8},"end":{"line":48,"column":92}},{"start":{},"end":{}}],"line":48},"1":{"loc":{"start":{"line":80,"column":8},"end":{"line":82,"column":9}},"type":"if","locations":[{"start":{"line":80,"column":8},"end":{"line":82,"column":9}},{"start":{},"end":{}}],"line":80},"2":{"loc":{"start":{"line":96,"column":4},"end":{"line":102,"column":5}},"type":"if","locations":[{"start":{"line":96,"column":4},"end":{"line":102,"column":5}},{"start":{"line":100,"column":11},"end":{"line":102,"column":5}}],"line":96}},"s":{"0":1,"1":0,"2":0,"3":0,"4":0,"5":1,"6":0,"7":0,"8":0,"9":0,"10":1,"11":0,"12":0,"13":0,"14":0,"15":0,"16":0,"17":0,"18":1,"19":0,"20":0,"21":0,"22":0,"23":0,"24":1,"25":0,"26":0,"27":0,"28":0,"29":0,"30":0,"31":0,"32":1,"33":0,"34":0,"35":0,"36":0,"37":0,"38":0},"f":{"0":0,"1":0,"2":0,"3":0,"4":0,"5":0,"6":0},"b":{"0":[0,0],"1":[0,0],"2":[0,0]},"_coverageSchema":"1a1c01bbd47fc00a2c39e90264f33305004495a9","hash":"ec644dd51cff7acb8511fb68d3233ff978fe8bde"}
,"/Users/andela/Desktop/UN/UNTEST/Blogs/Routes_blogs/blogs_routes.js": {"path":"/Users/andela/Desktop/UN/UNTEST/Blogs/Routes_blogs/blogs_routes.js","statementMap":{"0":{"start":{"line":6,"column":19},"end":{"line":6,"column":35}},"1":{"start":{"line":10,"column":0},"end":{"line":10,"column":55}},"2":{"start":{"line":13,"column":0},"end":{"line":13,"column":43}},"3":{"start":{"line":14,"column":0},"end":{"line":14,"column":46}},"4":{"start":{"line":15,"column":0},"end":{"line":15,"column":69}},"5":{"start":{"line":16,"column":0},"end":{"line":16,"column":72}}},"fnMap":{},"branchMap":{},"s":{"0":1,"1":1,"2":1,"3":1,"4":1,"5":1},"f":{},"b":{},"_coverageSchema":"1a1c01bbd47fc00a2c39e90264f33305004495a9","hash":"c2e679106e786d5ab7a8e86ae15bf96ead6d1f06"}
,"/Users/andela/Desktop/UN/UNTEST/Blogs/middlewares_blogs/blogs_validator.js": {"path":"/Users/andela/Desktop/UN/UNTEST/Blogs/middlewares_blogs/blogs_validator.js","statementMap":{"0":{"start":{"line":3,"column":14},"end":{"line":3,"column":31}},"1":{"start":{"line":5,"column":22},"end":{"line":20,"column":3}},"2":{"start":{"line":6,"column":17},"end":{"line":6,"column":40}},"3":{"start":{"line":10,"column":27},"end":{"line":10,"column":35}},"4":{"start":{"line":11,"column":4},"end":{"line":11,"column":57}},"5":{"start":{"line":11,"column":15},"end":{"line":11,"column":57}},"6":{"start":{"line":12,"column":4},"end":{"line":12,"column":61}},"7":{"start":{"line":12,"column":17},"end":{"line":12,"column":61}},"8":{"start":{"line":13,"column":23},"end":{"line":13,"column":65}},"9":{"start":{"line":13,"column":47},"end":{"line":13,"column":64}},"10":{"start":{"line":14,"column":4},"end":{"line":18,"column":4}},"11":{"start":{"line":14,"column":21},"end":{"line":18,"column":4}},"12":{"start":{"line":19,"column":4},"end":{"line":19,"column":11}}},"fnMap":{"0":{"name":"(anonymous_0)","decl":{"start":{"line":5,"column":22},"end":{"line":5,"column":23}},"loc":{"start":{"line":5,"column":47},"end":{"line":20,"column":3}},"line":5},"1":{"name":"(anonymous_1)","decl":{"start":{"line":13,"column":40},"end":{"line":13,"column":41}},"loc":{"start":{"line":13,"column":47},"end":{"line":13,"column":64}},"line":13}},"branchMap":{"0":{"loc":{"start":{"line":11,"column":4},"end":{"line":11,"column":57}},"type":"if","locations":[{"start":{"line":11,"column":4},"end":{"line":11,"column":57}},{"start":{},"end":{}}],"line":11},"1":{"loc":{"start":{"line":12,"column":4},"end":{"line":12,"column":61}},"type":"if","locations":[{"start":{"line":12,"column":4},"end":{"line":12,"column":61}},{"start":{},"end":{}}],"line":12},"2":{"loc":{"start":{"line":14,"column":4},"end":{"line":18,"column":4}},"type":"if","locations":[{"start":{"line":14,"column":4},"end":{"line":18,"column":4}},{"start":{},"end":{}}],"line":14}},"s":{"0":1,"1":1,"2":0,"3":0,"4":0,"5":0,"6":0,"7":0,"8":0,"9":0,"10":0,"11":0,"12":0},"f":{"0":0,"1":0},"b":{"0":[0,0],"1":[0,0],"2":[0,0]},"_coverageSchema":"1a1c01bbd47fc00a2c39e90264f33305004495a9","hash":"5e2f13f203c04d6216336ef5890a66739e2248fb"}
,"/Users/andela/Desktop/UN/UNTEST/Comment/Comments_routes/comments_routes.js": {"path":"/Users/andela/Desktop/UN/UNTEST/Comment/Comments_routes/comments_routes.js","statementMap":{"0":{"start":{"line":4,"column":22},"end":{"line":4,"column":38}},"1":{"start":{"line":8,"column":0},"end":{"line":8,"column":80}}},"fnMap":{},"branchMap":{},"s":{"0":1,"1":1},"f":{},"b":{},"_coverageSchema":"1a1c01bbd47fc00a2c39e90264f33305004495a9","hash":"d79a69c84010ad78b5c14a47f243e6e5f81167d3"}
,"/Users/andela/Desktop/UN/UNTEST/Comment/comment_functions/comment_function.js": {"path":"/Users/andela/Desktop/UN/UNTEST/Comment/comment_functions/comment_function.js","statementMap":{"0":{"start":{"line":7,"column":19},"end":{"line":31,"column":1}},"1":{"start":{"line":8,"column":4},"end":{"line":30,"column":5}},"2":{"start":{"line":9,"column":6},"end":{"line":9,"column":56}},"3":{"start":{"line":9,"column":21},"end":{"line":9,"column":56}},"4":{"start":{"line":10,"column":6},"end":{"line":10,"column":27}},"5":{"start":{"line":11,"column":19},"end":{"line":11,"column":32}},"6":{"start":{"line":12,"column":22},"end":{"line":22,"column":10}},"7":{"start":{"line":25,"column":8},"end":{"line":27,"column":10}},"8":{"start":{"line":29,"column":8},"end":{"line":29,"column":26}},"9":{"start":{"line":33,"column":21},"end":{"line":49,"column":1}},"10":{"start":{"line":34,"column":2},"end":{"line":47,"column":1}},"11":{"start":{"line":35,"column":15},"end":{"line":35,"column":28}},"12":{"start":{"line":36,"column":19},"end":{"line":36,"column":57}},"13":{"start":{"line":37,"column":4},"end":{"line":39,"column":5}},"14":{"start":{"line":38,"column":8},"end":{"line":38,"column":89}},"15":{"start":{"line":41,"column":4},"end":{"line":44,"column":6}},"16":{"start":{"line":46,"column":4},"end":{"line":46,"column":22}}},"fnMap":{"0":{"name":"(anonymous_0)","decl":{"start":{"line":7,"column":19},"end":{"line":7,"column":20}},"loc":{"start":{"line":7,"column":38},"end":{"line":31,"column":1}},"line":7},"1":{"name":"(anonymous_1)","decl":{"start":{"line":33,"column":21},"end":{"line":33,"column":22}},"loc":{"start":{"line":33,"column":40},"end":{"line":49,"column":1}},"line":33}},"branchMap":{"0":{"loc":{"start":{"line":9,"column":6},"end":{"line":9,"column":56}},"type":"if","locations":[{"start":{"line":9,"column":6},"end":{"line":9,"column":56}},{"start":{},"end":{}}],"line":9},"1":{"loc":{"start":{"line":37,"column":4},"end":{"line":39,"column":5}},"type":"if","locations":[{"start":{"line":37,"column":4},"end":{"line":39,"column":5}},{"start":{},"end":{}}],"line":37}},"s":{"0":1,"1":0,"2":0,"3":0,"4":0,"5":0,"6":0,"7":0,"8":0,"9":1,"10":0,"11":0,"12":0,"13":0,"14":0,"15":0,"16":0},"f":{"0":0,"1":0},"b":{"0":[0,0],"1":[0,0]},"_coverageSchema":"1a1c01bbd47fc00a2c39e90264f33305004495a9","hash":"57e59bc7270377e116b35dea04e444b9657302c4"}
,"/Users/andela/Desktop/UN/UNTEST/Comment/comments_middleware/comments_validators.js": {"path":"/Users/andela/Desktop/UN/UNTEST/Comment/comments_middleware/comments_validators.js","statementMap":{"0":{"start":{"line":2,"column":25},"end":{"line":6,"column":3}},"1":{"start":{"line":4,"column":4},"end":{"line":4,"column":82}},"2":{"start":{"line":4,"column":23},"end":{"line":4,"column":82}},"3":{"start":{"line":5,"column":4},"end":{"line":5,"column":11}}},"fnMap":{"0":{"name":"(anonymous_0)","decl":{"start":{"line":2,"column":25},"end":{"line":2,"column":26}},"loc":{"start":{"line":2,"column":50},"end":{"line":6,"column":3}},"line":2}},"branchMap":{"0":{"loc":{"start":{"line":4,"column":4},"end":{"line":4,"column":82}},"type":"if","locations":[{"start":{"line":4,"column":4},"end":{"line":4,"column":82}},{"start":{},"end":{}}],"line":4}},"s":{"0":1,"1":0,"2":0,"3":0},"f":{"0":0},"b":{"0":[0,0]},"_coverageSchema":"1a1c01bbd47fc00a2c39e90264f33305004495a9","hash":"51e1d2bf9a46fca3493c8a558b1bec7aea9a9514"}
,"/Users/andela/Desktop/UN/UNTEST/Contacts/contacts_Schema.js": {"path":"/Users/andela/Desktop/UN/UNTEST/Contacts/contacts_Schema.js","statementMap":{"0":{"start":{"line":2,"column":19},"end":{"line":2,"column":27}},"1":{"start":{"line":4,"column":22},"end":{"line":8,"column":2}}},"fnMap":{},"branchMap":{},"s":{"0":1,"1":1},"f":{},"b":{},"_coverageSchema":"1a1c01bbd47fc00a2c39e90264f33305004495a9","hash":"53fcbe93b80c2d921b09588478afa55c98c83c44"}
,"/Users/andela/Desktop/UN/UNTEST/Contacts/Controllers_contacts/contacts_functions.js": {"path":"/Users/andela/Desktop/UN/UNTEST/Contacts/Controllers_contacts/contacts_functions.js","statementMap":{"0":{"start":{"line":5,"column":20},"end":{"line":25,"column":1}},"1":{"start":{"line":7,"column":4},"end":{"line":23,"column":5}},"2":{"start":{"line":9,"column":25},"end":{"line":16,"column":10}},"3":{"start":{"line":17,"column":8},"end":{"line":20,"column":10}},"4":{"start":{"line":22,"column":8},"end":{"line":22,"column":26}},"5":{"start":{"line":27,"column":22},"end":{"line":41,"column":1}},"6":{"start":{"line":28,"column":4},"end":{"line":40,"column":5}},"7":{"start":{"line":29,"column":25},"end":{"line":31,"column":10}},"8":{"start":{"line":33,"column":8},"end":{"line":36,"column":10}},"9":{"start":{"line":39,"column":8},"end":{"line":39,"column":26}},"10":{"start":{"line":42,"column":22},"end":{"line":54,"column":1}},"11":{"start":{"line":43,"column":4},"end":{"line":53,"column":5}},"12":{"start":{"line":44,"column":19},"end":{"line":44,"column":32}},"13":{"start":{"line":45,"column":26},"end":{"line":45,"column":58}},"14":{"start":{"line":46,"column":8},"end":{"line":46,"column":79}},"15":{"start":{"line":46,"column":24},"end":{"line":46,"column":79}},"16":{"start":{"line":47,"column":8},"end":{"line":50,"column":10}},"17":{"start":{"line":52,"column":8},"end":{"line":52,"column":26}},"18":{"start":{"line":55,"column":22},"end":{"line":73,"column":1}},"19":{"start":{"line":56,"column":4},"end":{"line":72,"column":5}},"20":{"start":{"line":57,"column":19},"end":{"line":57,"column":32}},"21":{"start":{"line":61,"column":30},"end":{"line":63,"column":10}},"22":{"start":{"line":65,"column":8},"end":{"line":65,"column":83}},"23":{"start":{"line":65,"column":28},"end":{"line":65,"column":83}},"24":{"start":{"line":66,"column":8},"end":{"line":69,"column":10}},"25":{"start":{"line":71,"column":8},"end":{"line":71,"column":26}},"26":{"start":{"line":74,"column":22},"end":{"line":89,"column":1}},"27":{"start":{"line":75,"column":4},"end":{"line":88,"column":5}},"28":{"start":{"line":76,"column":19},"end":{"line":76,"column":32}},"29":{"start":{"line":77,"column":26},"end":{"line":77,"column":67}},"30":{"start":{"line":78,"column":8},"end":{"line":80,"column":9}},"31":{"start":{"line":79,"column":12},"end":{"line":79,"column":67}},"32":{"start":{"line":82,"column":8},"end":{"line":85,"column":10}},"33":{"start":{"line":87,"column":8},"end":{"line":87,"column":26}}},"fnMap":{"0":{"name":"(anonymous_0)","decl":{"start":{"line":5,"column":20},"end":{"line":5,"column":21}},"loc":{"start":{"line":5,"column":40},"end":{"line":25,"column":1}},"line":5},"1":{"name":"(anonymous_1)","decl":{"start":{"line":27,"column":22},"end":{"line":27,"column":23}},"loc":{"start":{"line":27,"column":42},"end":{"line":41,"column":1}},"line":27},"2":{"name":"(anonymous_2)","decl":{"start":{"line":42,"column":22},"end":{"line":42,"column":23}},"loc":{"start":{"line":42,"column":42},"end":{"line":54,"column":1}},"line":42},"3":{"name":"(anonymous_3)","decl":{"start":{"line":55,"column":22},"end":{"line":55,"column":23}},"loc":{"start":{"line":55,"column":42},"end":{"line":73,"column":1}},"line":55},"4":{"name":"(anonymous_4)","decl":{"start":{"line":74,"column":22},"end":{"line":74,"column":23}},"loc":{"start":{"line":74,"column":42},"end":{"line":89,"column":1}},"line":74}},"branchMap":{"0":{"loc":{"start":{"line":46,"column":8},"end":{"line":46,"column":79}},"type":"if","locations":[{"start":{"line":46,"column":8},"end":{"line":46,"column":79}},{"start":{},"end":{}}],"line":46},"1":{"loc":{"start":{"line":65,"column":8},"end":{"line":65,"column":83}},"type":"if","locations":[{"start":{"line":65,"column":8},"end":{"line":65,"column":83}},{"start":{},"end":{}}],"line":65},"2":{"loc":{"start":{"line":78,"column":8},"end":{"line":80,"column":9}},"type":"if","locations":[{"start":{"line":78,"column":8},"end":{"line":80,"column":9}},{"start":{},"end":{}}],"line":78}},"s":{"0":1,"1":0,"2":0,"3":0,"4":0,"5":1,"6":0,"7":0,"8":0,"9":0,"10":1,"11":0,"12":0,"13":0,"14":0,"15":0,"16":0,"17":0,"18":1,"19":0,"20":0,"21":0,"22":0,"23":0,"24":0,"25":0,"26":1,"27":0,"28":0,"29":0,"30":0,"31":0,"32":0,"33":0},"f":{"0":0,"1":0,"2":0,"3":0,"4":0},"b":{"0":[0,0],"1":[0,0],"2":[0,0]},"_coverageSchema":"1a1c01bbd47fc00a2c39e90264f33305004495a9","hash":"f96cc5b6ca535601761c3d5b6c64ff07eef3a65e"}
,"/Users/andela/Desktop/UN/UNTEST/Contacts/Routes_contacts/contacts_routes.js": {"path":"/Users/andela/Desktop/UN/UNTEST/Contacts/Routes_contacts/contacts_routes.js","statementMap":{"0":{"start":{"line":6,"column":22},"end":{"line":6,"column":38}},"1":{"start":{"line":10,"column":0},"end":{"line":10,"column":65}},"2":{"start":{"line":11,"column":0},"end":{"line":11,"column":64}},"3":{"start":{"line":12,"column":0},"end":{"line":12,"column":77}},"4":{"start":{"line":13,"column":0},"end":{"line":13,"column":76}},"5":{"start":{"line":14,"column":0},"end":{"line":14,"column":80}}},"fnMap":{},"branchMap":{},"s":{"0":1,"1":1,"2":1,"3":1,"4":1,"5":1},"f":{},"b":{},"_coverageSchema":"1a1c01bbd47fc00a2c39e90264f33305004495a9","hash":"d1927ce89810c50d0224782cf2e49f7ae7214c83"}
,"/Users/andela/Desktop/UN/UNTEST/Contacts/middlewares_contacts/contacts_validator.js": {"path":"/Users/andela/Desktop/UN/UNTEST/Contacts/middlewares_contacts/contacts_validator.js","statementMap":{"0":{"start":{"line":5,"column":25},"end":{"line":16,"column":3}},"1":{"start":{"line":6,"column":20},"end":{"line":6,"column":46}},"2":{"start":{"line":10,"column":33},"end":{"line":10,"column":41}},"3":{"start":{"line":11,"column":4},"end":{"line":11,"column":56}},"4":{"start":{"line":11,"column":14},"end":{"line":11,"column":56}},"5":{"start":{"line":12,"column":4},"end":{"line":12,"column":57}},"6":{"start":{"line":12,"column":15},"end":{"line":12,"column":57}},"7":{"start":{"line":13,"column":4},"end":{"line":13,"column":61}},"8":{"start":{"line":13,"column":17},"end":{"line":13,"column":61}},"9":{"start":{"line":15,"column":4},"end":{"line":15,"column":11}}},"fnMap":{"0":{"name":"(anonymous_0)","decl":{"start":{"line":5,"column":25},"end":{"line":5,"column":26}},"loc":{"start":{"line":5,"column":50},"end":{"line":16,"column":3}},"line":5}},"branchMap":{"0":{"loc":{"start":{"line":11,"column":4},"end":{"line":11,"column":56}},"type":"if","locations":[{"start":{"line":11,"column":4},"end":{"line":11,"column":56}},{"start":{},"end":{}}],"line":11},"1":{"loc":{"start":{"line":12,"column":4},"end":{"line":12,"column":57}},"type":"if","locations":[{"start":{"line":12,"column":4},"end":{"line":12,"column":57}},{"start":{},"end":{}}],"line":12},"2":{"loc":{"start":{"line":13,"column":4},"end":{"line":13,"column":61}},"type":"if","locations":[{"start":{"line":13,"column":4},"end":{"line":13,"column":61}},{"start":{},"end":{}}],"line":13}},"s":{"0":1,"1":0,"2":0,"3":0,"4":0,"5":0,"6":0,"7":0,"8":0,"9":0},"f":{"0":0},"b":{"0":[0,0],"1":[0,0],"2":[0,0]},"_coverageSchema":"1a1c01bbd47fc00a2c39e90264f33305004495a9","hash":"89073cef16753f89cda7b04fff499494cf69b71c"}
,"/Users/andela/Desktop/UN/UNTEST/Subscription/Subscription_Schema.js": {"path":"/Users/andela/Desktop/UN/UNTEST/Subscription/Subscription_Schema.js","statementMap":{"0":{"start":{"line":2,"column":19},"end":{"line":2,"column":27}},"1":{"start":{"line":4,"column":27},"end":{"line":7,"column":2}}},"fnMap":{},"branchMap":{},"s":{"0":1,"1":1},"f":{},"b":{},"_coverageSchema":"1a1c01bbd47fc00a2c39e90264f33305004495a9","hash":"39ae14f63df3acfa509b4662d1f4e01ecb6a20d8"}
,"/Users/andela/Desktop/UN/UNTEST/Subscription/Controllers_Subscription/subscription_functions.js": {"path":"/Users/andela/Desktop/UN/UNTEST/Subscription/Controllers_Subscription/subscription_functions.js","statementMap":{"0":{"start":{"line":3,"column":24},"end":{"line":18,"column":1}},"1":{"start":{"line":4,"column":4},"end":{"line":17,"column":5}},"2":{"start":{"line":5,"column":30},"end":{"line":10,"column":10}},"3":{"start":{"line":11,"column":8},"end":{"line":14,"column":10}},"4":{"start":{"line":16,"column":8},"end":{"line":16,"column":26}},"5":{"start":{"line":19,"column":26},"end":{"line":33,"column":1}},"6":{"start":{"line":20,"column":4},"end":{"line":32,"column":5}},"7":{"start":{"line":21,"column":30},"end":{"line":23,"column":10}},"8":{"start":{"line":25,"column":8},"end":{"line":28,"column":10}},"9":{"start":{"line":31,"column":8},"end":{"line":31,"column":26}},"10":{"start":{"line":34,"column":26},"end":{"line":46,"column":1}},"11":{"start":{"line":35,"column":4},"end":{"line":45,"column":5}},"12":{"start":{"line":36,"column":17},"end":{"line":36,"column":30}},"13":{"start":{"line":37,"column":31},"end":{"line":37,"column":68}},"14":{"start":{"line":39,"column":8},"end":{"line":42,"column":10}},"15":{"start":{"line":44,"column":8},"end":{"line":44,"column":26}},"16":{"start":{"line":47,"column":26},"end":{"line":64,"column":1}},"17":{"start":{"line":48,"column":4},"end":{"line":63,"column":5}},"18":{"start":{"line":49,"column":17},"end":{"line":49,"column":30}},"19":{"start":{"line":50,"column":31},"end":{"line":50,"column":77}},"20":{"start":{"line":53,"column":35},"end":{"line":55,"column":10}},"21":{"start":{"line":58,"column":8},"end":{"line":60,"column":10}},"22":{"start":{"line":62,"column":8},"end":{"line":62,"column":26}},"23":{"start":{"line":65,"column":26},"end":{"line":83,"column":1}},"24":{"start":{"line":68,"column":4},"end":{"line":82,"column":5}},"25":{"start":{"line":69,"column":17},"end":{"line":69,"column":30}},"26":{"start":{"line":70,"column":27},"end":{"line":70,"column":64}},"27":{"start":{"line":71,"column":8},"end":{"line":73,"column":9}},"28":{"start":{"line":72,"column":12},"end":{"line":72,"column":90}},"29":{"start":{"line":74,"column":31},"end":{"line":74,"column":77}},"30":{"start":{"line":76,"column":8},"end":{"line":79,"column":10}},"31":{"start":{"line":81,"column":8},"end":{"line":81,"column":26}},"32":{"start":{"line":85,"column":29},"end":{"line":95,"column":1}},"33":{"start":{"line":86,"column":26},"end":{"line":86,"column":57}},"34":{"start":{"line":87,"column":3},"end":{"line":87,"column":62}},"35":{"start":{"line":87,"column":31},"end":{"line":87,"column":60}},"36":{"start":{"line":88,"column":3},"end":{"line":94,"column":4}},"37":{"start":{"line":89,"column":7},"end":{"line":91,"column":9}},"38":{"start":{"line":93,"column":7},"end":{"line":93,"column":14}}},"fnMap":{"0":{"name":"(anonymous_0)","decl":{"start":{"line":3,"column":24},"end":{"line":3,"column":25}},"loc":{"start":{"line":3,"column":43},"end":{"line":18,"column":1}},"line":3},"1":{"name":"(anonymous_1)","decl":{"start":{"line":19,"column":26},"end":{"line":19,"column":27}},"loc":{"start":{"line":19,"column":45},"end":{"line":33,"column":1}},"line":19},"2":{"name":"(anonymous_2)","decl":{"start":{"line":34,"column":26},"end":{"line":34,"column":27}},"loc":{"start":{"line":34,"column":45},"end":{"line":46,"column":1}},"line":34},"3":{"name":"(anonymous_3)","decl":{"start":{"line":47,"column":26},"end":{"line":47,"column":27}},"loc":{"start":{"line":47,"column":45},"end":{"line":64,"column":1}},"line":47},"4":{"name":"(anonymous_4)","decl":{"start":{"line":65,"column":26},"end":{"line":65,"column":27}},"loc":{"start":{"line":65,"column":45},"end":{"line":83,"column":1}},"line":65},"5":{"name":"(anonymous_5)","decl":{"start":{"line":85,"column":29},"end":{"line":85,"column":30}},"loc":{"start":{"line":85,"column":52},"end":{"line":95,"column":1}},"line":85},"6":{"name":"(anonymous_6)","decl":{"start":{"line":87,"column":24},"end":{"line":87,"column":25}},"loc":{"start":{"line":87,"column":31},"end":{"line":87,"column":60}},"line":87}},"branchMap":{"0":{"loc":{"start":{"line":71,"column":8},"end":{"line":73,"column":9}},"type":"if","locations":[{"start":{"line":71,"column":8},"end":{"line":73,"column":9}},{"start":{},"end":{}}],"line":71},"1":{"loc":{"start":{"line":88,"column":3},"end":{"line":94,"column":4}},"type":"if","locations":[{"start":{"line":88,"column":3},"end":{"line":94,"column":4}},{"start":{"line":92,"column":9},"end":{"line":94,"column":4}}],"line":88}},"s":{"0":1,"1":0,"2":0,"3":0,"4":0,"5":1,"6":0,"7":0,"8":0,"9":0,"10":1,"11":0,"12":0,"13":0,"14":0,"15":0,"16":1,"17":0,"18":0,"19":0,"20":0,"21":0,"22":0,"23":1,"24":0,"25":0,"26":0,"27":0,"28":0,"29":0,"30":0,"31":0,"32":1,"33":0,"34":0,"35":0,"36":0,"37":0,"38":0},"f":{"0":0,"1":0,"2":0,"3":0,"4":0,"5":0,"6":0},"b":{"0":[0,0],"1":[0,0]},"_coverageSchema":"1a1c01bbd47fc00a2c39e90264f33305004495a9","hash":"0dfb193f1463858b0b252360939c0b109d5f0214"}
,"/Users/andela/Desktop/UN/UNTEST/Subscription/Routes_Subscription/Subscription_routes.js": {"path":"/Users/andela/Desktop/UN/UNTEST/Subscription/Routes_Subscription/Subscription_routes.js","statementMap":{"0":{"start":{"line":7,"column":27},"end":{"line":7,"column":43}},"1":{"start":{"line":10,"column":0},"end":{"line":10,"column":88}},"2":{"start":{"line":11,"column":0},"end":{"line":11,"column":79}},"3":{"start":{"line":12,"column":0},"end":{"line":12,"column":82}},"4":{"start":{"line":13,"column":0},"end":{"line":13,"column":82}},"5":{"start":{"line":14,"column":0},"end":{"line":14,"column":85}}},"fnMap":{},"branchMap":{},"s":{"0":1,"1":1,"2":1,"3":1,"4":1,"5":1},"f":{},"b":{},"_coverageSchema":"1a1c01bbd47fc00a2c39e90264f33305004495a9","hash":"20b5f56340718a6b6a73e060b0ad18fa0318aba4"}
,"/Users/andela/Desktop/UN/UNTEST/Subscription/middlewares_contacts/Subscription_validator.js": {"path":"/Users/andela/Desktop/UN/UNTEST/Subscription/middlewares_contacts/Subscription_validator.js","statementMap":{"0":{"start":{"line":4,"column":30},"end":{"line":18,"column":3}},"1":{"start":{"line":5,"column":22},"end":{"line":5,"column":53}},"2":{"start":{"line":9,"column":18},"end":{"line":9,"column":26}},"3":{"start":{"line":10,"column":4},"end":{"line":10,"column":57}},"4":{"start":{"line":10,"column":15},"end":{"line":10,"column":57}},"5":{"start":{"line":11,"column":29},"end":{"line":11,"column":76}},"6":{"start":{"line":11,"column":58},"end":{"line":11,"column":75}},"7":{"start":{"line":12,"column":4},"end":{"line":16,"column":4}},"8":{"start":{"line":12,"column":27},"end":{"line":16,"column":4}},"9":{"start":{"line":17,"column":4},"end":{"line":17,"column":11}}},"fnMap":{"0":{"name":"(anonymous_0)","decl":{"start":{"line":4,"column":30},"end":{"line":4,"column":31}},"loc":{"start":{"line":4,"column":55},"end":{"line":18,"column":3}},"line":4},"1":{"name":"(anonymous_1)","decl":{"start":{"line":11,"column":51},"end":{"line":11,"column":52}},"loc":{"start":{"line":11,"column":58},"end":{"line":11,"column":75}},"line":11}},"branchMap":{"0":{"loc":{"start":{"line":10,"column":4},"end":{"line":10,"column":57}},"type":"if","locations":[{"start":{"line":10,"column":4},"end":{"line":10,"column":57}},{"start":{},"end":{}}],"line":10},"1":{"loc":{"start":{"line":12,"column":4},"end":{"line":16,"column":4}},"type":"if","locations":[{"start":{"line":12,"column":4},"end":{"line":16,"column":4}},{"start":{},"end":{}}],"line":12}},"s":{"0":1,"1":0,"2":0,"3":0,"4":0,"5":0,"6":0,"7":0,"8":0,"9":0},"f":{"0":0,"1":0},"b":{"0":[0,0],"1":[0,0]},"_coverageSchema":"1a1c01bbd47fc00a2c39e90264f33305004495a9","hash":"2402ddf7be0fd955018251296843b3d3bb64833a"}
,"/Users/andela/Desktop/UN/UNTEST/Usersfolder/users_Schema.js": {"path":"/Users/andela/Desktop/UN/UNTEST/Usersfolder/users_Schema.js","statementMap":{"0":{"start":{"line":2,"column":19},"end":{"line":2,"column":27}},"1":{"start":{"line":4,"column":19},"end":{"line":12,"column":2}}},"fnMap":{},"branchMap":{},"s":{"0":1,"1":1},"f":{},"b":{},"_coverageSchema":"1a1c01bbd47fc00a2c39e90264f33305004495a9","hash":"a4afece6eed53a4012356e44974ffcdc2f3b4497"}
,"/Users/andela/Desktop/UN/UNTEST/Usersfolder/User_routes/users_routes.js": {"path":"/Users/andela/Desktop/UN/UNTEST/Usersfolder/User_routes/users_routes.js","statementMap":{"0":{"start":{"line":5,"column":19},"end":{"line":5,"column":35}},"1":{"start":{"line":9,"column":0},"end":{"line":9,"column":46}},"2":{"start":{"line":10,"column":0},"end":{"line":10,"column":65}},"3":{"start":{"line":11,"column":0},"end":{"line":11,"column":68}},"4":{"start":{"line":12,"column":0},"end":{"line":12,"column":67}},"5":{"start":{"line":13,"column":0},"end":{"line":13,"column":70}},"6":{"start":{"line":14,"column":0},"end":{"line":14,"column":35}}},"fnMap":{},"branchMap":{},"s":{"0":1,"1":1,"2":1,"3":1,"4":1,"5":1,"6":1},"f":{},"b":{},"_coverageSchema":"1a1c01bbd47fc00a2c39e90264f33305004495a9","hash":"39a8b6a99a7f7ee43c5422b7bf0c8fba0a7899dc"}
,"/Users/andela/Desktop/UN/UNTEST/Usersfolder/controllers_users/users_validator.js": {"path":"/Users/andela/Desktop/UN/UNTEST/Usersfolder/controllers_users/users_validator.js","statementMap":{"0":{"start":{"line":3,"column":14},"end":{"line":3,"column":31}},"1":{"start":{"line":5,"column":24},"end":{"line":20,"column":3}},"2":{"start":{"line":6,"column":17},"end":{"line":6,"column":40}},"3":{"start":{"line":10,"column":29},"end":{"line":10,"column":37}},"4":{"start":{"line":11,"column":4},"end":{"line":11,"column":57}},"5":{"start":{"line":11,"column":15},"end":{"line":11,"column":57}},"6":{"start":{"line":12,"column":4},"end":{"line":12,"column":60}},"7":{"start":{"line":12,"column":19},"end":{"line":12,"column":60}},"8":{"start":{"line":13,"column":23},"end":{"line":13,"column":65}},"9":{"start":{"line":13,"column":47},"end":{"line":13,"column":64}},"10":{"start":{"line":14,"column":4},"end":{"line":18,"column":4}},"11":{"start":{"line":14,"column":21},"end":{"line":18,"column":4}},"12":{"start":{"line":19,"column":4},"end":{"line":19,"column":11}}},"fnMap":{"0":{"name":"(anonymous_0)","decl":{"start":{"line":5,"column":24},"end":{"line":5,"column":25}},"loc":{"start":{"line":5,"column":49},"end":{"line":20,"column":3}},"line":5},"1":{"name":"(anonymous_1)","decl":{"start":{"line":13,"column":40},"end":{"line":13,"column":41}},"loc":{"start":{"line":13,"column":47},"end":{"line":13,"column":64}},"line":13}},"branchMap":{"0":{"loc":{"start":{"line":11,"column":4},"end":{"line":11,"column":57}},"type":"if","locations":[{"start":{"line":11,"column":4},"end":{"line":11,"column":57}},{"start":{},"end":{}}],"line":11},"1":{"loc":{"start":{"line":12,"column":4},"end":{"line":12,"column":60}},"type":"if","locations":[{"start":{"line":12,"column":4},"end":{"line":12,"column":60}},{"start":{},"end":{}}],"line":12},"2":{"loc":{"start":{"line":14,"column":4},"end":{"line":18,"column":4}},"type":"if","locations":[{"start":{"line":14,"column":4},"end":{"line":18,"column":4}},{"start":{},"end":{}}],"line":14}},"s":{"0":1,"1":1,"2":0,"3":0,"4":0,"5":0,"6":0,"7":0,"8":0,"9":0,"10":0,"11":0,"12":0},"f":{"0":0,"1":0},"b":{"0":[0,0],"1":[0,0],"2":[0,0]},"_coverageSchema":"1a1c01bbd47fc00a2c39e90264f33305004495a9","hash":"4b28b2cc021510d29d8a203fc72a3509ac8084d9"}
,"/Users/andela/Desktop/UN/UNTEST/Usersfolder/middlewares_users/users_functions.js": {"path":"/Users/andela/Desktop/UN/UNTEST/Usersfolder/middlewares_users/users_functions.js","statementMap":{"0":{"start":{"line":8,"column":16},"end":{"line":49,"column":1}},"1":{"start":{"line":9,"column":4},"end":{"line":48,"column":5}},"2":{"start":{"line":10,"column":18},"end":{"line":10,"column":40}},"3":{"start":{"line":11,"column":28},"end":{"line":11,"column":70}},"4":{"start":{"line":13,"column":17},"end":{"line":13,"column":19}},"5":{"start":{"line":14,"column":20},"end":{"line":14,"column":43}},"6":{"start":{"line":15,"column":8},"end":{"line":20,"column":13}},"7":{"start":{"line":16,"column":12},"end":{"line":16,"column":25}},"8":{"start":{"line":19,"column":12},"end":{"line":19,"column":26}},"9":{"start":{"line":23,"column":22},"end":{"line":30,"column":10}},"10":{"start":{"line":33,"column":8},"end":{"line":45,"column":10}},"11":{"start":{"line":47,"column":8},"end":{"line":47,"column":26}},"12":{"start":{"line":50,"column":18},"end":{"line":66,"column":1}},"13":{"start":{"line":51,"column":4},"end":{"line":65,"column":5}},"14":{"start":{"line":52,"column":22},"end":{"line":54,"column":10}},"15":{"start":{"line":56,"column":8},"end":{"line":61,"column":9}},"16":{"start":{"line":64,"column":8},"end":{"line":64,"column":26}},"17":{"start":{"line":67,"column":18},"end":{"line":87,"column":1}},"18":{"start":{"line":68,"column":4},"end":{"line":86,"column":5}},"19":{"start":{"line":69,"column":17},"end":{"line":69,"column":30}},"20":{"start":{"line":70,"column":23},"end":{"line":70,"column":52}},"21":{"start":{"line":71,"column":8},"end":{"line":71,"column":88}},"22":{"start":{"line":71,"column":21},"end":{"line":71,"column":88}},"23":{"start":{"line":72,"column":8},"end":{"line":83,"column":10}},"24":{"start":{"line":85,"column":8},"end":{"line":85,"column":26}},"25":{"start":{"line":88,"column":18},"end":{"line":122,"column":1}},"26":{"start":{"line":89,"column":4},"end":{"line":121,"column":5}},"27":{"start":{"line":90,"column":17},"end":{"line":90,"column":30}},"28":{"start":{"line":91,"column":23},"end":{"line":91,"column":61}},"29":{"start":{"line":93,"column":32},"end":{"line":108,"column":3}},"30":{"start":{"line":94,"column":17},"end":{"line":94,"column":40}},"31":{"start":{"line":98,"column":29},"end":{"line":98,"column":37}},"32":{"start":{"line":99,"column":4},"end":{"line":99,"column":57}},"33":{"start":{"line":99,"column":15},"end":{"line":99,"column":57}},"34":{"start":{"line":100,"column":4},"end":{"line":100,"column":60}},"35":{"start":{"line":100,"column":19},"end":{"line":100,"column":60}},"36":{"start":{"line":101,"column":23},"end":{"line":101,"column":65}},"37":{"start":{"line":101,"column":47},"end":{"line":101,"column":64}},"38":{"start":{"line":102,"column":4},"end":{"line":106,"column":4}},"39":{"start":{"line":102,"column":21},"end":{"line":106,"column":4}},"40":{"start":{"line":107,"column":4},"end":{"line":107,"column":11}},"41":{"start":{"line":110,"column":27},"end":{"line":112,"column":10}},"42":{"start":{"line":115,"column":8},"end":{"line":118,"column":10}},"43":{"start":{"line":120,"column":8},"end":{"line":120,"column":26}},"44":{"start":{"line":123,"column":18},"end":{"line":139,"column":1}},"45":{"start":{"line":124,"column":4},"end":{"line":138,"column":5}},"46":{"start":{"line":125,"column":17},"end":{"line":125,"column":30}},"47":{"start":{"line":126,"column":23},"end":{"line":126,"column":61}},"48":{"start":{"line":127,"column":8},"end":{"line":129,"column":9}},"49":{"start":{"line":128,"column":12},"end":{"line":128,"column":96}},"50":{"start":{"line":132,"column":8},"end":{"line":135,"column":10}},"51":{"start":{"line":137,"column":8},"end":{"line":137,"column":26}},"52":{"start":{"line":141,"column":18},"end":{"line":176,"column":5}},"53":{"start":{"line":142,"column":17},"end":{"line":142,"column":79}},"54":{"start":{"line":143,"column":17},"end":{"line":143,"column":74}},"55":{"start":{"line":143,"column":44},"end":{"line":143,"column":73}},"56":{"start":{"line":145,"column":3},"end":{"line":174,"column":5}},"57":{"start":{"line":145,"column":17},"end":{"line":145,"column":75}},"58":{"start":{"line":148,"column":8},"end":{"line":172,"column":9}},"59":{"start":{"line":149,"column":12},"end":{"line":167,"column":13}},"60":{"start":{"line":150,"column":32},"end":{"line":150,"column":39}},"61":{"start":{"line":152,"column":16},"end":{"line":161,"column":18}},"62":{"start":{"line":154,"column":20},"end":{"line":154,"column":39}},"63":{"start":{"line":154,"column":29},"end":{"line":154,"column":39}},"64":{"start":{"line":155,"column":35},"end":{"line":155,"column":65}},"65":{"start":{"line":156,"column":20},"end":{"line":160,"column":22}},"66":{"start":{"line":165,"column":17},"end":{"line":165,"column":41}},"67":{"start":{"line":171,"column":12},"end":{"line":171,"column":30}},"68":{"start":{"line":175,"column":5},"end":{"line":175,"column":12}},"69":{"start":{"line":181,"column":24},"end":{"line":194,"column":5}},"70":{"start":{"line":182,"column":25},"end":{"line":182,"column":53}},"71":{"start":{"line":183,"column":21},"end":{"line":183,"column":59}},"72":{"start":{"line":184,"column":8},"end":{"line":184,"column":53}},"73":{"start":{"line":184,"column":25},"end":{"line":184,"column":53}},"74":{"start":{"line":186,"column":8},"end":{"line":192,"column":10}},"75":{"start":{"line":187,"column":12},"end":{"line":187,"column":48}},"76":{"start":{"line":187,"column":21},"end":{"line":187,"column":48}},"77":{"start":{"line":188,"column":12},"end":{"line":188,"column":26}},"78":{"start":{"line":191,"column":12},"end":{"line":191,"column":19}},"79":{"start":{"line":196,"column":20},"end":{"line":207,"column":5}},"80":{"start":{"line":200,"column":8},"end":{"line":206,"column":9}},"81":{"start":{"line":201,"column":12},"end":{"line":203,"column":14}},"82":{"start":{"line":205,"column":12},"end":{"line":205,"column":18}},"83":{"start":{"line":210,"column":21},"end":{"line":220,"column":5}},"84":{"start":{"line":211,"column":23},"end":{"line":211,"column":46}},"85":{"start":{"line":212,"column":8},"end":{"line":212,"column":67}},"86":{"start":{"line":212,"column":28},"end":{"line":212,"column":65}},"87":{"start":{"line":213,"column":8},"end":{"line":219,"column":9}},"88":{"start":{"line":214,"column":12},"end":{"line":216,"column":14}},"89":{"start":{"line":218,"column":12},"end":{"line":218,"column":19}}},"fnMap":{"0":{"name":"(anonymous_0)","decl":{"start":{"line":8,"column":16},"end":{"line":8,"column":17}},"loc":{"start":{"line":8,"column":35},"end":{"line":49,"column":1}},"line":8},"1":{"name":"(anonymous_1)","decl":{"start":{"line":50,"column":18},"end":{"line":50,"column":19}},"loc":{"start":{"line":50,"column":37},"end":{"line":66,"column":1}},"line":50},"2":{"name":"(anonymous_2)","decl":{"start":{"line":67,"column":18},"end":{"line":67,"column":19}},"loc":{"start":{"line":67,"column":37},"end":{"line":87,"column":1}},"line":67},"3":{"name":"(anonymous_3)","decl":{"start":{"line":88,"column":18},"end":{"line":88,"column":19}},"loc":{"start":{"line":88,"column":37},"end":{"line":122,"column":1}},"line":88},"4":{"name":"(anonymous_4)","decl":{"start":{"line":93,"column":32},"end":{"line":93,"column":33}},"loc":{"start":{"line":93,"column":57},"end":{"line":108,"column":3}},"line":93},"5":{"name":"(anonymous_5)","decl":{"start":{"line":101,"column":40},"end":{"line":101,"column":41}},"loc":{"start":{"line":101,"column":47},"end":{"line":101,"column":64}},"line":101},"6":{"name":"(anonymous_6)","decl":{"start":{"line":123,"column":18},"end":{"line":123,"column":19}},"loc":{"start":{"line":123,"column":37},"end":{"line":139,"column":1}},"line":123},"7":{"name":"(anonymous_7)","decl":{"start":{"line":141,"column":18},"end":{"line":141,"column":19}},"loc":{"start":{"line":141,"column":44},"end":{"line":176,"column":5}},"line":141},"8":{"name":"(anonymous_8)","decl":{"start":{"line":143,"column":36},"end":{"line":143,"column":37}},"loc":{"start":{"line":143,"column":44},"end":{"line":143,"column":73}},"line":143},"9":{"name":"(anonymous_9)","decl":{"start":{"line":152,"column":51},"end":{"line":152,"column":52}},"loc":{"start":{"line":153,"column":16},"end":{"line":161,"column":17}},"line":153},"10":{"name":"(anonymous_10)","decl":{"start":{"line":181,"column":24},"end":{"line":181,"column":25}},"loc":{"start":{"line":181,"column":40},"end":{"line":194,"column":5}},"line":181},"11":{"name":"(anonymous_11)","decl":{"start":{"line":186,"column":38},"end":{"line":186,"column":39}},"loc":{"start":{"line":186,"column":50},"end":{"line":192,"column":9}},"line":186},"12":{"name":"(anonymous_12)","decl":{"start":{"line":196,"column":20},"end":{"line":196,"column":21}},"loc":{"start":{"line":196,"column":43},"end":{"line":207,"column":5}},"line":196},"13":{"name":"(anonymous_13)","decl":{"start":{"line":210,"column":21},"end":{"line":210,"column":22}},"loc":{"start":{"line":210,"column":44},"end":{"line":220,"column":5}},"line":210},"14":{"name":"(anonymous_14)","decl":{"start":{"line":212,"column":21},"end":{"line":212,"column":22}},"loc":{"start":{"line":212,"column":28},"end":{"line":212,"column":65}},"line":212}},"branchMap":{"0":{"loc":{"start":{"line":15,"column":8},"end":{"line":20,"column":13}},"type":"if","locations":[{"start":{"line":15,"column":8},"end":{"line":20,"column":13}},{"start":{"line":18,"column":13},"end":{"line":20,"column":13}}],"line":15},"1":{"loc":{"start":{"line":15,"column":12},"end":{"line":15,"column":36}},"type":"binary-expr","locations":[{"start":{"line":15,"column":12},"end":{"line":15,"column":17}},{"start":{"line":15,"column":21},"end":{"line":15,"column":36}}],"line":15},"2":{"loc":{"start":{"line":71,"column":8},"end":{"line":71,"column":88}},"type":"if","locations":[{"start":{"line":71,"column":8},"end":{"line":71,"column":88}},{"start":{},"end":{}}],"line":71},"3":{"loc":{"start":{"line":99,"column":4},"end":{"line":99,"column":57}},"type":"if","locations":[{"start":{"line":99,"column":4},"end":{"line":99,"column":57}},{"start":{},"end":{}}],"line":99},"4":{"loc":{"start":{"line":100,"column":4},"end":{"line":100,"column":60}},"type":"if","locations":[{"start":{"line":100,"column":4},"end":{"line":100,"column":60}},{"start":{},"end":{}}],"line":100},"5":{"loc":{"start":{"line":102,"column":4},"end":{"line":106,"column":4}},"type":"if","locations":[{"start":{"line":102,"column":4},"end":{"line":106,"column":4}},{"start":{},"end":{}}],"line":102},"6":{"loc":{"start":{"line":127,"column":8},"end":{"line":129,"column":9}},"type":"if","locations":[{"start":{"line":127,"column":8},"end":{"line":129,"column":9}},{"start":{},"end":{}}],"line":127},"7":{"loc":{"start":{"line":145,"column":3},"end":{"line":174,"column":5}},"type":"if","locations":[{"start":{"line":145,"column":3},"end":{"line":174,"column":5}},{"start":{"line":147,"column":9},"end":{"line":174,"column":5}}],"line":145},"8":{"loc":{"start":{"line":149,"column":12},"end":{"line":167,"column":13}},"type":"if","locations":[{"start":{"line":149,"column":12},"end":{"line":167,"column":13}},{"start":{"line":165,"column":16},"end":{"line":167,"column":13}}],"line":149},"9":{"loc":{"start":{"line":154,"column":20},"end":{"line":154,"column":39}},"type":"if","locations":[{"start":{"line":154,"column":20},"end":{"line":154,"column":39}},{"start":{},"end":{}}],"line":154},"10":{"loc":{"start":{"line":183,"column":21},"end":{"line":183,"column":59}},"type":"binary-expr","locations":[{"start":{"line":183,"column":21},"end":{"line":183,"column":31}},{"start":{"line":183,"column":35},"end":{"line":183,"column":59}}],"line":183},"11":{"loc":{"start":{"line":184,"column":8},"end":{"line":184,"column":53}},"type":"if","locations":[{"start":{"line":184,"column":8},"end":{"line":184,"column":53}},{"start":{},"end":{}}],"line":184},"12":{"loc":{"start":{"line":187,"column":12},"end":{"line":187,"column":48}},"type":"if","locations":[{"start":{"line":187,"column":12},"end":{"line":187,"column":48}},{"start":{},"end":{}}],"line":187},"13":{"loc":{"start":{"line":200,"column":8},"end":{"line":206,"column":9}},"type":"if","locations":[{"start":{"line":200,"column":8},"end":{"line":206,"column":9}},{"start":{"line":204,"column":14},"end":{"line":206,"column":9}}],"line":200},"14":{"loc":{"start":{"line":213,"column":8},"end":{"line":219,"column":9}},"type":"if","locations":[{"start":{"line":213,"column":8},"end":{"line":219,"column":9}},{"start":{"line":217,"column":14},"end":{"line":219,"column":9}}],"line":213}},"s":{"0":1,"1":0,"2":0,"3":0,"4":0,"5":0,"6":0,"7":0,"8":0,"9":0,"10":0,"11":0,"12":1,"13":0,"14":0,"15":0,"16":0,"17":1,"18":0,"19":0,"20":0,"21":0,"22":0,"23":0,"24":0,"25":1,"26":0,"27":0,"28":0,"29":0,"30":0,"31":0,"32":0,"33":0,"34":0,"35":0,"36":0,"37":0,"38":0,"39":0,"40":0,"41":0,"42":0,"43":0,"44":1,"45":0,"46":0,"47":0,"48":0,"49":0,"50":0,"51":0,"52":1,"53":0,"54":0,"55":0,"56":0,"57":0,"58":0,"59":0,"60":0,"61":0,"62":0,"63":0,"64":0,"65":0,"66":0,"67":0,"68":0,"69":1,"70":0,"71":0,"72":0,"73":0,"74":0,"75":0,"76":0,"77":0,"78":0,"79":1,"80":0,"81":0,"82":0,"83":1,"84":0,"85":0,"86":0,"87":0,"88":0,"89":0},"f":{"0":0,"1":0,"2":0,"3":0,"4":0,"5":0,"6":0,"7":0,"8":0,"9":0,"10":0,"11":0,"12":0,"13":0,"14":0},"b":{"0":[0,0],"1":[0,0],"2":[0,0],"3":[0,0],"4":[0,0],"5":[0,0],"6":[0,0],"7":[0,0],"8":[0,0],"9":[0,0],"10":[0,0],"11":[0,0],"12":[0,0],"13":[0,0],"14":[0,0]},"_coverageSchema":"1a1c01bbd47fc00a2c39e90264f33305004495a9","hash":"6625593d602372a9fd69e5fc8e2e404b56ae0557"}
}
