{"/Users/andela/Desktop/UN/UNTEST/server.js": {"path":"/Users/andela/Desktop/UN/UNTEST/server.js","statementMap":{"0":{"start":{"line":11,"column":12},"end":{"line":11,"column":21}},"1":{"start":{"line":13,"column":0},"end":{"line":13,"column":30}},"2":{"start":{"line":15,"column":0},"end":{"line":15,"column":24}},"3":{"start":{"line":18,"column":13},"end":{"line":18,"column":37}},"4":{"start":{"line":21,"column":0},"end":{"line":39,"column":2}},"5":{"start":{"line":22,"column":4},"end":{"line":22,"column":55}},"6":{"start":{"line":23,"column":4},"end":{"line":23,"column":51}},"7":{"start":{"line":24,"column":4},"end":{"line":29,"column":5}},"8":{"start":{"line":25,"column":8},"end":{"line":25,"column":45}},"9":{"start":{"line":28,"column":8},"end":{"line":28,"column":36}},"10":{"start":{"line":30,"column":4},"end":{"line":33,"column":7}},"11":{"start":{"line":34,"column":4},"end":{"line":34,"column":24}},"12":{"start":{"line":35,"column":4},"end":{"line":35,"column":24}},"13":{"start":{"line":37,"column":4},"end":{"line":37,"column":32}},"14":{"start":{"line":38,"column":4},"end":{"line":38,"column":28}}},"fnMap":{"0":{"name":"(anonymous_0)","decl":{"start":{"line":21,"column":17},"end":{"line":21,"column":18}},"loc":{"start":{"line":21,"column":29},"end":{"line":39,"column":1}},"line":21}},"branchMap":{"0":{"loc":{"start":{"line":18,"column":13},"end":{"line":18,"column":37}},"type":"binary-expr","locations":[{"start":{"line":18,"column":13},"end":{"line":18,"column":29}},{"start":{"line":18,"column":33},"end":{"line":18,"column":37}}],"line":18}},"s":{"0":1,"1":1,"2":1,"3":1,"4":1,"5":0,"6":0,"7":0,"8":0,"9":0,"10":0,"11":0,"12":0,"13":0,"14":0},"f":{"0":0},"b":{"0":[1,0]},"_coverageSchema":"1a1c01bbd47fc00a2c39e90264f33305004495a9","hash":"031a986bc08f13d9797e74a646e7af2053879b6d"}
,"/Users/andela/Desktop/UN/UNTEST/Blogs/blogs_Schema.js": {"path":"/Users/andela/Desktop/UN/UNTEST/Blogs/blogs_Schema.js","statementMap":{"0":{"start":{"line":2,"column":19},"end":{"line":2,"column":27}},"1":{"start":{"line":4,"column":19},"end":{"line":12,"column":2}}},"fnMap":{},"branchMap":{},"s":{"0":1,"1":1},"f":{},"b":{},"_coverageSchema":"1a1c01bbd47fc00a2c39e90264f33305004495a9","hash":"0572770020adf1cb3c110c8e3ca5c4a7d2451417"}
,"/Users/andela/Desktop/UN/UNTEST/Blogs/Controllers_Blog/blogs_functions.js": {"path":"/Users/andela/Desktop/UN/UNTEST/Blogs/Controllers_Blog/blogs_functions.js","statementMap":{"0":{"start":{"line":31,"column":19},"end":{"line":45,"column":1}},"1":{"start":{"line":32,"column":4},"end":{"line":44,"column":5}},"2":{"start":{"line":33,"column":22},"end":{"line":35,"column":10}},"3":{"start":{"line":37,"column":8},"end":{"line":40,"column":10}},"4":{"start":{"line":43,"column":8},"end":{"line":43,"column":26}},"5":{"start":{"line":46,"column":19},"end":{"line":58,"column":1}},"6":{"start":{"line":47,"column":4},"end":{"line":57,"column":5}},"7":{"start":{"line":48,"column":19},"end":{"line":48,"column":32}},"8":{"start":{"line":49,"column":23},"end":{"line":49,"column":52}},"9":{"start":{"line":51,"column":8},"end":{"line":54,"column":10}},"10":{"start":{"line":56,"column":8},"end":{"line":56,"column":26}},"11":{"start":{"line":59,"column":19},"end":{"line":77,"column":1}},"12":{"start":{"line":60,"column":4},"end":{"line":76,"column":5}},"13":{"start":{"line":61,"column":19},"end":{"line":61,"column":32}},"14":{"start":{"line":65,"column":27},"end":{"line":67,"column":10}},"15":{"start":{"line":70,"column":8},"end":{"line":73,"column":10}},"16":{"start":{"line":75,"column":8},"end":{"line":75,"column":26}},"17":{"start":{"line":78,"column":19},"end":{"line":93,"column":1}},"18":{"start":{"line":79,"column":4},"end":{"line":92,"column":5}},"19":{"start":{"line":80,"column":19},"end":{"line":80,"column":32}},"20":{"start":{"line":81,"column":23},"end":{"line":81,"column":61}},"21":{"start":{"line":82,"column":8},"end":{"line":84,"column":9}},"22":{"start":{"line":83,"column":12},"end":{"line":83,"column":93}},"23":{"start":{"line":86,"column":8},"end":{"line":89,"column":10}},"24":{"start":{"line":91,"column":8},"end":{"line":91,"column":26}},"25":{"start":{"line":95,"column":22},"end":{"line":105,"column":1}},"26":{"start":{"line":96,"column":18},"end":{"line":96,"column":41}},"27":{"start":{"line":97,"column":4},"end":{"line":97,"column":56}},"28":{"start":{"line":97,"column":25},"end":{"line":97,"column":54}},"29":{"start":{"line":98,"column":4},"end":{"line":104,"column":5}},"30":{"start":{"line":99,"column":8},"end":{"line":101,"column":10}},"31":{"start":{"line":103,"column":8},"end":{"line":103,"column":15}},"32":{"start":{"line":107,"column":14},"end":{"line":128,"column":1}},"33":{"start":{"line":108,"column":17},"end":{"line":108,"column":48}},"34":{"start":{"line":110,"column":4},"end":{"line":118,"column":7}},"35":{"start":{"line":111,"column":8},"end":{"line":114,"column":9}},"36":{"start":{"line":112,"column":12},"end":{"line":112,"column":22}},"37":{"start":{"line":113,"column":12},"end":{"line":113,"column":19}},"38":{"start":{"line":116,"column":8},"end":{"line":116,"column":36}},"39":{"start":{"line":131,"column":20},"end":{"line":193,"column":1}},"40":{"start":{"line":132,"column":15},"end":{"line":132,"column":44}},"41":{"start":{"line":133,"column":4},"end":{"line":133,"column":31}},"42":{"start":{"line":134,"column":4},"end":{"line":192,"column":7}},"43":{"start":{"line":137,"column":8},"end":{"line":137,"column":28}},"44":{"start":{"line":139,"column":8},"end":{"line":139,"column":33}},"45":{"start":{"line":140,"column":8},"end":{"line":144,"column":9}},"46":{"start":{"line":141,"column":12},"end":{"line":143,"column":15}},"47":{"start":{"line":146,"column":35},"end":{"line":146,"column":41}},"48":{"start":{"line":147,"column":8},"end":{"line":151,"column":9}},"49":{"start":{"line":148,"column":12},"end":{"line":150,"column":15}},"50":{"start":{"line":152,"column":8},"end":{"line":156,"column":9}},"51":{"start":{"line":153,"column":12},"end":{"line":155,"column":15}},"52":{"start":{"line":157,"column":8},"end":{"line":161,"column":9}},"53":{"start":{"line":158,"column":12},"end":{"line":160,"column":15}},"54":{"start":{"line":162,"column":19},"end":{"line":162,"column":41}},"55":{"start":{"line":163,"column":8},"end":{"line":163,"column":37}},"56":{"start":{"line":164,"column":8},"end":{"line":175,"column":9}},"57":{"start":{"line":166,"column":12},"end":{"line":170,"column":13}},"58":{"start":{"line":167,"column":16},"end":{"line":169,"column":19}},"59":{"start":{"line":171,"column":12},"end":{"line":171,"column":68}},"60":{"start":{"line":173,"column":12},"end":{"line":173,"column":58}},"61":{"start":{"line":174,"column":12},"end":{"line":174,"column":47}},"62":{"start":{"line":176,"column":8},"end":{"line":191,"column":11}},"63":{"start":{"line":177,"column":12},"end":{"line":177,"column":37}},"64":{"start":{"line":178,"column":12},"end":{"line":185,"column":13}},"65":{"start":{"line":179,"column":16},"end":{"line":179,"column":33}},"66":{"start":{"line":180,"column":16},"end":{"line":184,"column":19}},"67":{"start":{"line":186,"column":12},"end":{"line":190,"column":15}}},"fnMap":{"0":{"name":"(anonymous_0)","decl":{"start":{"line":31,"column":19},"end":{"line":31,"column":20}},"loc":{"start":{"line":31,"column":39},"end":{"line":45,"column":1}},"line":31},"1":{"name":"(anonymous_1)","decl":{"start":{"line":46,"column":19},"end":{"line":46,"column":20}},"loc":{"start":{"line":46,"column":39},"end":{"line":58,"column":1}},"line":46},"2":{"name":"(anonymous_2)","decl":{"start":{"line":59,"column":19},"end":{"line":59,"column":20}},"loc":{"start":{"line":59,"column":39},"end":{"line":77,"column":1}},"line":59},"3":{"name":"(anonymous_3)","decl":{"start":{"line":78,"column":19},"end":{"line":78,"column":20}},"loc":{"start":{"line":78,"column":39},"end":{"line":93,"column":1}},"line":78},"4":{"name":"(anonymous_4)","decl":{"start":{"line":95,"column":22},"end":{"line":95,"column":23}},"loc":{"start":{"line":95,"column":48},"end":{"line":105,"column":1}},"line":95},"5":{"name":"(anonymous_5)","decl":{"start":{"line":97,"column":17},"end":{"line":97,"column":18}},"loc":{"start":{"line":97,"column":25},"end":{"line":97,"column":54}},"line":97},"6":{"name":"(anonymous_6)","decl":{"start":{"line":107,"column":14},"end":{"line":107,"column":15}},"loc":{"start":{"line":107,"column":28},"end":{"line":128,"column":1}},"line":107},"7":{"name":"(anonymous_7)","decl":{"start":{"line":110,"column":20},"end":{"line":110,"column":21}},"loc":{"start":{"line":110,"column":44},"end":{"line":118,"column":5}},"line":110},"8":{"name":"(anonymous_8)","decl":{"start":{"line":131,"column":20},"end":{"line":131,"column":21}},"loc":{"start":{"line":131,"column":34},"end":{"line":193,"column":1}},"line":131},"9":{"name":"(anonymous_9)","decl":{"start":{"line":134,"column":20},"end":{"line":134,"column":21}},"loc":{"start":{"line":134,"column":44},"end":{"line":192,"column":5}},"line":134},"10":{"name":"(anonymous_10)","decl":{"start":{"line":176,"column":18},"end":{"line":176,"column":19}},"loc":{"start":{"line":176,"column":35},"end":{"line":191,"column":9}},"line":176}},"branchMap":{"0":{"loc":{"start":{"line":82,"column":8},"end":{"line":84,"column":9}},"type":"if","locations":[{"start":{"line":82,"column":8},"end":{"line":84,"column":9}},{"start":{},"end":{}}],"line":82},"1":{"loc":{"start":{"line":98,"column":4},"end":{"line":104,"column":5}},"type":"if","locations":[{"start":{"line":98,"column":4},"end":{"line":104,"column":5}},{"start":{"line":102,"column":11},"end":{"line":104,"column":5}}],"line":98},"2":{"loc":{"start":{"line":111,"column":8},"end":{"line":114,"column":9}},"type":"if","locations":[{"start":{"line":111,"column":8},"end":{"line":114,"column":9}},{"start":{},"end":{}}],"line":111},"3":{"loc":{"start":{"line":140,"column":8},"end":{"line":144,"column":9}},"type":"if","locations":[{"start":{"line":140,"column":8},"end":{"line":144,"column":9}},{"start":{},"end":{}}],"line":140},"4":{"loc":{"start":{"line":147,"column":8},"end":{"line":151,"column":9}},"type":"if","locations":[{"start":{"line":147,"column":8},"end":{"line":151,"column":9}},{"start":{},"end":{}}],"line":147},"5":{"loc":{"start":{"line":147,"column":12},"end":{"line":147,"column":30}},"type":"binary-expr","locations":[{"start":{"line":147,"column":12},"end":{"line":147,"column":18}},{"start":{"line":147,"column":22},"end":{"line":147,"column":30}}],"line":147},"6":{"loc":{"start":{"line":152,"column":8},"end":{"line":156,"column":9}},"type":"if","locations":[{"start":{"line":152,"column":8},"end":{"line":156,"column":9}},{"start":{},"end":{}}],"line":152},"7":{"loc":{"start":{"line":157,"column":8},"end":{"line":161,"column":9}},"type":"if","locations":[{"start":{"line":157,"column":8},"end":{"line":161,"column":9}},{"start":{},"end":{}}],"line":157},"8":{"loc":{"start":{"line":164,"column":8},"end":{"line":175,"column":9}},"type":"if","locations":[{"start":{"line":164,"column":8},"end":{"line":175,"column":9}},{"start":{},"end":{}}],"line":164},"9":{"loc":{"start":{"line":166,"column":12},"end":{"line":170,"column":13}},"type":"if","locations":[{"start":{"line":166,"column":12},"end":{"line":170,"column":13}},{"start":{},"end":{}}],"line":166},"10":{"loc":{"start":{"line":178,"column":12},"end":{"line":185,"column":13}},"type":"if","locations":[{"start":{"line":178,"column":12},"end":{"line":185,"column":13}},{"start":{},"end":{}}],"line":178}},"s":{"0":1,"1":0,"2":0,"3":0,"4":0,"5":1,"6":0,"7":0,"8":0,"9":0,"10":0,"11":1,"12":0,"13":0,"14":0,"15":0,"16":0,"17":1,"18":0,"19":0,"20":0,"21":0,"22":0,"23":0,"24":0,"25":1,"26":0,"27":0,"28":0,"29":0,"30":0,"31":0,"32":1,"33":0,"34":0,"35":0,"36":0,"37":0,"38":0,"39":1,"40":0,"41":0,"42":0,"43":0,"44":0,"45":0,"46":0,"47":0,"48":0,"49":0,"50":0,"51":0,"52":0,"53":0,"54":0,"55":0,"56":0,"57":0,"58":0,"59":0,"60":0,"61":0,"62":0,"63":0,"64":0,"65":0,"66":0,"67":0},"f":{"0":0,"1":0,"2":0,"3":0,"4":0,"5":0,"6":0,"7":0,"8":0,"9":0,"10":0},"b":{"0":[0,0],"1":[0,0],"2":[0,0],"3":[0,0],"4":[0,0],"5":[0,0],"6":[0,0],"7":[0,0],"8":[0,0],"9":[0,0],"10":[0,0]},"_coverageSchema":"1a1c01bbd47fc00a2c39e90264f33305004495a9","hash":"8f378c1e0a66cc802ecf9294754561e8a43e98ac"}
,"/Users/andela/Desktop/UN/UNTEST/Blogs/Routes_blogs/blogs_routes.js": {"path":"/Users/andela/Desktop/UN/UNTEST/Blogs/Routes_blogs/blogs_routes.js","statementMap":{"0":{"start":{"line":6,"column":19},"end":{"line":6,"column":35}},"1":{"start":{"line":11,"column":0},"end":{"line":11,"column":42}},"2":{"start":{"line":13,"column":0},"end":{"line":13,"column":42}},"3":{"start":{"line":14,"column":0},"end":{"line":14,"column":68}},"4":{"start":{"line":15,"column":0},"end":{"line":15,"column":67}},"5":{"start":{"line":16,"column":0},"end":{"line":16,"column":71}}},"fnMap":{},"branchMap":{},"s":{"0":1,"1":1,"2":1,"3":1,"4":1,"5":1},"f":{},"b":{},"_coverageSchema":"1a1c01bbd47fc00a2c39e90264f33305004495a9","hash":"15d6c865f6a612ee388c10ebc5bfcda1d9589298"}
,"/Users/andela/Desktop/UN/UNTEST/Blogs/middlewares_blogs/blogs_validator.js": {"path":"/Users/andela/Desktop/UN/UNTEST/Blogs/middlewares_blogs/blogs_validator.js","statementMap":{"0":{"start":{"line":3,"column":14},"end":{"line":3,"column":31}},"1":{"start":{"line":5,"column":22},"end":{"line":20,"column":3}},"2":{"start":{"line":6,"column":17},"end":{"line":6,"column":40}},"3":{"start":{"line":10,"column":27},"end":{"line":10,"column":35}},"4":{"start":{"line":11,"column":4},"end":{"line":11,"column":57}},"5":{"start":{"line":11,"column":15},"end":{"line":11,"column":57}},"6":{"start":{"line":12,"column":4},"end":{"line":12,"column":61}},"7":{"start":{"line":12,"column":17},"end":{"line":12,"column":61}},"8":{"start":{"line":13,"column":23},"end":{"line":13,"column":65}},"9":{"start":{"line":13,"column":47},"end":{"line":13,"column":64}},"10":{"start":{"line":14,"column":4},"end":{"line":18,"column":4}},"11":{"start":{"line":14,"column":21},"end":{"line":18,"column":4}},"12":{"start":{"line":19,"column":4},"end":{"line":19,"column":11}}},"fnMap":{"0":{"name":"(anonymous_0)","decl":{"start":{"line":5,"column":22},"end":{"line":5,"column":23}},"loc":{"start":{"line":5,"column":47},"end":{"line":20,"column":3}},"line":5},"1":{"name":"(anonymous_1)","decl":{"start":{"line":13,"column":40},"end":{"line":13,"column":41}},"loc":{"start":{"line":13,"column":47},"end":{"line":13,"column":64}},"line":13}},"branchMap":{"0":{"loc":{"start":{"line":11,"column":4},"end":{"line":11,"column":57}},"type":"if","locations":[{"start":{"line":11,"column":4},"end":{"line":11,"column":57}},{"start":{},"end":{}}],"line":11},"1":{"loc":{"start":{"line":12,"column":4},"end":{"line":12,"column":61}},"type":"if","locations":[{"start":{"line":12,"column":4},"end":{"line":12,"column":61}},{"start":{},"end":{}}],"line":12},"2":{"loc":{"start":{"line":14,"column":4},"end":{"line":18,"column":4}},"type":"if","locations":[{"start":{"line":14,"column":4},"end":{"line":18,"column":4}},{"start":{},"end":{}}],"line":14}},"s":{"0":1,"1":1,"2":0,"3":0,"4":0,"5":0,"6":0,"7":0,"8":0,"9":0,"10":0,"11":0,"12":0},"f":{"0":0,"1":0},"b":{"0":[0,0],"1":[0,0],"2":[0,0]},"_coverageSchema":"1a1c01bbd47fc00a2c39e90264f33305004495a9","hash":"5e2f13f203c04d6216336ef5890a66739e2248fb"}
,"/Users/andela/Desktop/UN/UNTEST/Comment/Comments_routes/comments_routes.js": {"path":"/Users/andela/Desktop/UN/UNTEST/Comment/Comments_routes/comments_routes.js","statementMap":{"0":{"start":{"line":3,"column":22},"end":{"line":3,"column":38}},"1":{"start":{"line":7,"column":0},"end":{"line":7,"column":58}}},"fnMap":{},"branchMap":{},"s":{"0":1,"1":1},"f":{},"b":{},"_coverageSchema":"1a1c01bbd47fc00a2c39e90264f33305004495a9","hash":"d62568e0e880b0e27566fd7e4d277fef4150b011"}
,"/Users/andela/Desktop/UN/UNTEST/Comment/comment_functions/comment_function.js": {"path":"/Users/andela/Desktop/UN/UNTEST/Comment/comment_functions/comment_function.js","statementMap":{"0":{"start":{"line":7,"column":19},"end":{"line":29,"column":1}},"1":{"start":{"line":8,"column":4},"end":{"line":28,"column":5}},"2":{"start":{"line":9,"column":19},"end":{"line":9,"column":32}},"3":{"start":{"line":10,"column":22},"end":{"line":20,"column":10}},"4":{"start":{"line":22,"column":8},"end":{"line":22,"column":23}},"5":{"start":{"line":27,"column":8},"end":{"line":27,"column":26}}},"fnMap":{"0":{"name":"(anonymous_0)","decl":{"start":{"line":7,"column":19},"end":{"line":7,"column":20}},"loc":{"start":{"line":7,"column":38},"end":{"line":29,"column":1}},"line":7}},"branchMap":{},"s":{"0":1,"1":0,"2":0,"3":0,"4":0,"5":0},"f":{"0":0},"b":{},"_coverageSchema":"1a1c01bbd47fc00a2c39e90264f33305004495a9","hash":"fbaabc684b4e78c70602ee1d8e2dc65c37608893"}
,"/Users/andela/Desktop/UN/UNTEST/Subscription/Subscription_Schema.js": {"path":"/Users/andela/Desktop/UN/UNTEST/Subscription/Subscription_Schema.js","statementMap":{"0":{"start":{"line":2,"column":19},"end":{"line":2,"column":27}},"1":{"start":{"line":4,"column":27},"end":{"line":7,"column":2}}},"fnMap":{},"branchMap":{},"s":{"0":1,"1":1},"f":{},"b":{},"_coverageSchema":"1a1c01bbd47fc00a2c39e90264f33305004495a9","hash":"39ae14f63df3acfa509b4662d1f4e01ecb6a20d8"}
,"/Users/andela/Desktop/UN/UNTEST/Subscription/Controllers_Subscription/subscription_functions.js": {"path":"/Users/andela/Desktop/UN/UNTEST/Subscription/Controllers_Subscription/subscription_functions.js","statementMap":{"0":{"start":{"line":3,"column":24},"end":{"line":18,"column":1}},"1":{"start":{"line":4,"column":4},"end":{"line":17,"column":5}},"2":{"start":{"line":5,"column":30},"end":{"line":10,"column":10}},"3":{"start":{"line":11,"column":8},"end":{"line":14,"column":10}},"4":{"start":{"line":16,"column":8},"end":{"line":16,"column":26}},"5":{"start":{"line":19,"column":26},"end":{"line":33,"column":1}},"6":{"start":{"line":20,"column":4},"end":{"line":32,"column":5}},"7":{"start":{"line":21,"column":30},"end":{"line":23,"column":10}},"8":{"start":{"line":25,"column":8},"end":{"line":28,"column":10}},"9":{"start":{"line":31,"column":8},"end":{"line":31,"column":26}},"10":{"start":{"line":34,"column":26},"end":{"line":46,"column":1}},"11":{"start":{"line":35,"column":4},"end":{"line":45,"column":5}},"12":{"start":{"line":36,"column":17},"end":{"line":36,"column":30}},"13":{"start":{"line":37,"column":31},"end":{"line":37,"column":68}},"14":{"start":{"line":39,"column":8},"end":{"line":42,"column":10}},"15":{"start":{"line":44,"column":8},"end":{"line":44,"column":26}},"16":{"start":{"line":47,"column":26},"end":{"line":65,"column":1}},"17":{"start":{"line":48,"column":4},"end":{"line":64,"column":5}},"18":{"start":{"line":49,"column":17},"end":{"line":49,"column":30}},"19":{"start":{"line":50,"column":31},"end":{"line":50,"column":77}},"20":{"start":{"line":53,"column":35},"end":{"line":55,"column":10}},"21":{"start":{"line":58,"column":8},"end":{"line":61,"column":10}},"22":{"start":{"line":63,"column":8},"end":{"line":63,"column":26}},"23":{"start":{"line":66,"column":26},"end":{"line":78,"column":1}},"24":{"start":{"line":67,"column":4},"end":{"line":77,"column":5}},"25":{"start":{"line":68,"column":17},"end":{"line":68,"column":30}},"26":{"start":{"line":69,"column":31},"end":{"line":69,"column":77}},"27":{"start":{"line":71,"column":8},"end":{"line":74,"column":10}},"28":{"start":{"line":76,"column":8},"end":{"line":76,"column":26}},"29":{"start":{"line":80,"column":29},"end":{"line":90,"column":1}},"30":{"start":{"line":81,"column":26},"end":{"line":81,"column":57}},"31":{"start":{"line":82,"column":3},"end":{"line":82,"column":62}},"32":{"start":{"line":82,"column":31},"end":{"line":82,"column":60}},"33":{"start":{"line":83,"column":3},"end":{"line":89,"column":4}},"34":{"start":{"line":84,"column":7},"end":{"line":86,"column":9}},"35":{"start":{"line":88,"column":7},"end":{"line":88,"column":14}}},"fnMap":{"0":{"name":"(anonymous_0)","decl":{"start":{"line":3,"column":24},"end":{"line":3,"column":25}},"loc":{"start":{"line":3,"column":43},"end":{"line":18,"column":1}},"line":3},"1":{"name":"(anonymous_1)","decl":{"start":{"line":19,"column":26},"end":{"line":19,"column":27}},"loc":{"start":{"line":19,"column":45},"end":{"line":33,"column":1}},"line":19},"2":{"name":"(anonymous_2)","decl":{"start":{"line":34,"column":26},"end":{"line":34,"column":27}},"loc":{"start":{"line":34,"column":45},"end":{"line":46,"column":1}},"line":34},"3":{"name":"(anonymous_3)","decl":{"start":{"line":47,"column":26},"end":{"line":47,"column":27}},"loc":{"start":{"line":47,"column":45},"end":{"line":65,"column":1}},"line":47},"4":{"name":"(anonymous_4)","decl":{"start":{"line":66,"column":26},"end":{"line":66,"column":27}},"loc":{"start":{"line":66,"column":45},"end":{"line":78,"column":1}},"line":66},"5":{"name":"(anonymous_5)","decl":{"start":{"line":80,"column":29},"end":{"line":80,"column":30}},"loc":{"start":{"line":80,"column":52},"end":{"line":90,"column":1}},"line":80},"6":{"name":"(anonymous_6)","decl":{"start":{"line":82,"column":24},"end":{"line":82,"column":25}},"loc":{"start":{"line":82,"column":31},"end":{"line":82,"column":60}},"line":82}},"branchMap":{"0":{"loc":{"start":{"line":83,"column":3},"end":{"line":89,"column":4}},"type":"if","locations":[{"start":{"line":83,"column":3},"end":{"line":89,"column":4}},{"start":{"line":87,"column":9},"end":{"line":89,"column":4}}],"line":83}},"s":{"0":1,"1":0,"2":0,"3":0,"4":0,"5":1,"6":0,"7":0,"8":0,"9":0,"10":1,"11":0,"12":0,"13":0,"14":0,"15":0,"16":1,"17":0,"18":0,"19":0,"20":0,"21":0,"22":0,"23":1,"24":0,"25":0,"26":0,"27":0,"28":0,"29":1,"30":0,"31":0,"32":0,"33":0,"34":0,"35":0},"f":{"0":0,"1":0,"2":0,"3":0,"4":0,"5":0,"6":0},"b":{"0":[0,0]},"_coverageSchema":"1a1c01bbd47fc00a2c39e90264f33305004495a9","hash":"5f2346b692ff2e60fd3affc3e1005683c4ee728f"}
,"/Users/andela/Desktop/UN/UNTEST/Subscription/Routes_Subscription/Subscription_routes.js": {"path":"/Users/andela/Desktop/UN/UNTEST/Subscription/Routes_Subscription/Subscription_routes.js","statementMap":{"0":{"start":{"line":6,"column":27},"end":{"line":6,"column":43}},"1":{"start":{"line":9,"column":0},"end":{"line":9,"column":87}},"2":{"start":{"line":10,"column":0},"end":{"line":10,"column":79}},"3":{"start":{"line":11,"column":0},"end":{"line":11,"column":82}},"4":{"start":{"line":12,"column":0},"end":{"line":12,"column":82}},"5":{"start":{"line":13,"column":0},"end":{"line":13,"column":85}}},"fnMap":{},"branchMap":{},"s":{"0":1,"1":1,"2":1,"3":1,"4":1,"5":1},"f":{},"b":{},"_coverageSchema":"1a1c01bbd47fc00a2c39e90264f33305004495a9","hash":"adf59c704a78b39c008244133f7d39aa13a3209c"}
,"/Users/andela/Desktop/UN/UNTEST/Usersfolder/users_Schema.js": {"path":"/Users/andela/Desktop/UN/UNTEST/Usersfolder/users_Schema.js","statementMap":{"0":{"start":{"line":2,"column":19},"end":{"line":2,"column":27}},"1":{"start":{"line":4,"column":19},"end":{"line":12,"column":2}}},"fnMap":{},"branchMap":{},"s":{"0":1,"1":1},"f":{},"b":{},"_coverageSchema":"1a1c01bbd47fc00a2c39e90264f33305004495a9","hash":"a4afece6eed53a4012356e44974ffcdc2f3b4497"}
,"/Users/andela/Desktop/UN/UNTEST/Usersfolder/User_routes/users_routes.js": {"path":"/Users/andela/Desktop/UN/UNTEST/Usersfolder/User_routes/users_routes.js","statementMap":{"0":{"start":{"line":5,"column":19},"end":{"line":5,"column":35}},"1":{"start":{"line":9,"column":0},"end":{"line":9,"column":46}},"2":{"start":{"line":10,"column":0},"end":{"line":10,"column":65}},"3":{"start":{"line":11,"column":0},"end":{"line":11,"column":68}},"4":{"start":{"line":12,"column":0},"end":{"line":12,"column":67}},"5":{"start":{"line":13,"column":0},"end":{"line":13,"column":70}},"6":{"start":{"line":14,"column":0},"end":{"line":14,"column":35}}},"fnMap":{},"branchMap":{},"s":{"0":1,"1":1,"2":1,"3":1,"4":1,"5":1,"6":1},"f":{},"b":{},"_coverageSchema":"1a1c01bbd47fc00a2c39e90264f33305004495a9","hash":"39a8b6a99a7f7ee43c5422b7bf0c8fba0a7899dc"}
,"/Users/andela/Desktop/UN/UNTEST/Usersfolder/controllers_users/users_validator.js": {"path":"/Users/andela/Desktop/UN/UNTEST/Usersfolder/controllers_users/users_validator.js","statementMap":{"0":{"start":{"line":3,"column":14},"end":{"line":3,"column":31}},"1":{"start":{"line":5,"column":24},"end":{"line":20,"column":3}},"2":{"start":{"line":6,"column":17},"end":{"line":6,"column":40}},"3":{"start":{"line":10,"column":29},"end":{"line":10,"column":37}},"4":{"start":{"line":11,"column":4},"end":{"line":11,"column":57}},"5":{"start":{"line":11,"column":15},"end":{"line":11,"column":57}},"6":{"start":{"line":12,"column":4},"end":{"line":12,"column":60}},"7":{"start":{"line":12,"column":19},"end":{"line":12,"column":60}},"8":{"start":{"line":13,"column":23},"end":{"line":13,"column":65}},"9":{"start":{"line":13,"column":47},"end":{"line":13,"column":64}},"10":{"start":{"line":14,"column":4},"end":{"line":18,"column":4}},"11":{"start":{"line":14,"column":21},"end":{"line":18,"column":4}},"12":{"start":{"line":19,"column":4},"end":{"line":19,"column":11}}},"fnMap":{"0":{"name":"(anonymous_0)","decl":{"start":{"line":5,"column":24},"end":{"line":5,"column":25}},"loc":{"start":{"line":5,"column":49},"end":{"line":20,"column":3}},"line":5},"1":{"name":"(anonymous_1)","decl":{"start":{"line":13,"column":40},"end":{"line":13,"column":41}},"loc":{"start":{"line":13,"column":47},"end":{"line":13,"column":64}},"line":13}},"branchMap":{"0":{"loc":{"start":{"line":11,"column":4},"end":{"line":11,"column":57}},"type":"if","locations":[{"start":{"line":11,"column":4},"end":{"line":11,"column":57}},{"start":{},"end":{}}],"line":11},"1":{"loc":{"start":{"line":12,"column":4},"end":{"line":12,"column":60}},"type":"if","locations":[{"start":{"line":12,"column":4},"end":{"line":12,"column":60}},{"start":{},"end":{}}],"line":12},"2":{"loc":{"start":{"line":14,"column":4},"end":{"line":18,"column":4}},"type":"if","locations":[{"start":{"line":14,"column":4},"end":{"line":18,"column":4}},{"start":{},"end":{}}],"line":14}},"s":{"0":1,"1":1,"2":0,"3":0,"4":0,"5":0,"6":0,"7":0,"8":0,"9":0,"10":0,"11":0,"12":0},"f":{"0":0,"1":0},"b":{"0":[0,0],"1":[0,0],"2":[0,0]},"_coverageSchema":"1a1c01bbd47fc00a2c39e90264f33305004495a9","hash":"4b28b2cc021510d29d8a203fc72a3509ac8084d9"}
,"/Users/andela/Desktop/UN/UNTEST/Usersfolder/middlewares_users/users_functions.js": {"path":"/Users/andela/Desktop/UN/UNTEST/Usersfolder/middlewares_users/users_functions.js","statementMap":{"0":{"start":{"line":8,"column":16},"end":{"line":49,"column":1}},"1":{"start":{"line":9,"column":4},"end":{"line":48,"column":5}},"2":{"start":{"line":10,"column":18},"end":{"line":10,"column":40}},"3":{"start":{"line":11,"column":28},"end":{"line":11,"column":70}},"4":{"start":{"line":13,"column":17},"end":{"line":13,"column":19}},"5":{"start":{"line":14,"column":20},"end":{"line":14,"column":43}},"6":{"start":{"line":15,"column":8},"end":{"line":20,"column":13}},"7":{"start":{"line":16,"column":12},"end":{"line":16,"column":25}},"8":{"start":{"line":19,"column":12},"end":{"line":19,"column":26}},"9":{"start":{"line":23,"column":22},"end":{"line":30,"column":10}},"10":{"start":{"line":33,"column":8},"end":{"line":45,"column":10}},"11":{"start":{"line":47,"column":8},"end":{"line":47,"column":26}},"12":{"start":{"line":50,"column":18},"end":{"line":66,"column":1}},"13":{"start":{"line":51,"column":4},"end":{"line":65,"column":5}},"14":{"start":{"line":52,"column":22},"end":{"line":54,"column":10}},"15":{"start":{"line":56,"column":8},"end":{"line":61,"column":9}},"16":{"start":{"line":64,"column":8},"end":{"line":64,"column":26}},"17":{"start":{"line":67,"column":18},"end":{"line":87,"column":1}},"18":{"start":{"line":68,"column":4},"end":{"line":86,"column":5}},"19":{"start":{"line":69,"column":17},"end":{"line":69,"column":30}},"20":{"start":{"line":70,"column":23},"end":{"line":70,"column":52}},"21":{"start":{"line":71,"column":8},"end":{"line":71,"column":88}},"22":{"start":{"line":71,"column":21},"end":{"line":71,"column":88}},"23":{"start":{"line":72,"column":8},"end":{"line":83,"column":10}},"24":{"start":{"line":85,"column":8},"end":{"line":85,"column":26}},"25":{"start":{"line":88,"column":18},"end":{"line":122,"column":1}},"26":{"start":{"line":89,"column":4},"end":{"line":121,"column":5}},"27":{"start":{"line":90,"column":17},"end":{"line":90,"column":30}},"28":{"start":{"line":91,"column":23},"end":{"line":91,"column":61}},"29":{"start":{"line":93,"column":32},"end":{"line":108,"column":3}},"30":{"start":{"line":94,"column":17},"end":{"line":94,"column":40}},"31":{"start":{"line":98,"column":29},"end":{"line":98,"column":37}},"32":{"start":{"line":99,"column":4},"end":{"line":99,"column":57}},"33":{"start":{"line":99,"column":15},"end":{"line":99,"column":57}},"34":{"start":{"line":100,"column":4},"end":{"line":100,"column":60}},"35":{"start":{"line":100,"column":19},"end":{"line":100,"column":60}},"36":{"start":{"line":101,"column":23},"end":{"line":101,"column":65}},"37":{"start":{"line":101,"column":47},"end":{"line":101,"column":64}},"38":{"start":{"line":102,"column":4},"end":{"line":106,"column":4}},"39":{"start":{"line":102,"column":21},"end":{"line":106,"column":4}},"40":{"start":{"line":107,"column":4},"end":{"line":107,"column":11}},"41":{"start":{"line":110,"column":27},"end":{"line":112,"column":10}},"42":{"start":{"line":115,"column":8},"end":{"line":118,"column":10}},"43":{"start":{"line":120,"column":8},"end":{"line":120,"column":26}},"44":{"start":{"line":123,"column":18},"end":{"line":139,"column":1}},"45":{"start":{"line":124,"column":4},"end":{"line":138,"column":5}},"46":{"start":{"line":125,"column":17},"end":{"line":125,"column":30}},"47":{"start":{"line":126,"column":23},"end":{"line":126,"column":61}},"48":{"start":{"line":127,"column":8},"end":{"line":129,"column":9}},"49":{"start":{"line":128,"column":12},"end":{"line":128,"column":96}},"50":{"start":{"line":132,"column":8},"end":{"line":135,"column":10}},"51":{"start":{"line":137,"column":8},"end":{"line":137,"column":26}},"52":{"start":{"line":141,"column":18},"end":{"line":176,"column":5}},"53":{"start":{"line":142,"column":17},"end":{"line":142,"column":79}},"54":{"start":{"line":143,"column":17},"end":{"line":143,"column":74}},"55":{"start":{"line":143,"column":44},"end":{"line":143,"column":73}},"56":{"start":{"line":145,"column":3},"end":{"line":174,"column":5}},"57":{"start":{"line":145,"column":17},"end":{"line":145,"column":75}},"58":{"start":{"line":148,"column":8},"end":{"line":172,"column":9}},"59":{"start":{"line":149,"column":12},"end":{"line":167,"column":13}},"60":{"start":{"line":150,"column":32},"end":{"line":150,"column":39}},"61":{"start":{"line":152,"column":16},"end":{"line":161,"column":18}},"62":{"start":{"line":154,"column":20},"end":{"line":154,"column":39}},"63":{"start":{"line":154,"column":29},"end":{"line":154,"column":39}},"64":{"start":{"line":155,"column":35},"end":{"line":155,"column":65}},"65":{"start":{"line":156,"column":20},"end":{"line":160,"column":22}},"66":{"start":{"line":165,"column":17},"end":{"line":165,"column":41}},"67":{"start":{"line":171,"column":12},"end":{"line":171,"column":30}},"68":{"start":{"line":175,"column":5},"end":{"line":175,"column":12}},"69":{"start":{"line":181,"column":24},"end":{"line":194,"column":5}},"70":{"start":{"line":182,"column":25},"end":{"line":182,"column":53}},"71":{"start":{"line":183,"column":21},"end":{"line":183,"column":59}},"72":{"start":{"line":184,"column":8},"end":{"line":184,"column":53}},"73":{"start":{"line":184,"column":25},"end":{"line":184,"column":53}},"74":{"start":{"line":186,"column":8},"end":{"line":192,"column":10}},"75":{"start":{"line":187,"column":12},"end":{"line":187,"column":48}},"76":{"start":{"line":187,"column":21},"end":{"line":187,"column":48}},"77":{"start":{"line":188,"column":12},"end":{"line":188,"column":26}},"78":{"start":{"line":191,"column":12},"end":{"line":191,"column":19}},"79":{"start":{"line":196,"column":20},"end":{"line":207,"column":5}},"80":{"start":{"line":200,"column":8},"end":{"line":206,"column":9}},"81":{"start":{"line":201,"column":12},"end":{"line":203,"column":14}},"82":{"start":{"line":205,"column":12},"end":{"line":205,"column":18}},"83":{"start":{"line":210,"column":21},"end":{"line":220,"column":5}},"84":{"start":{"line":211,"column":23},"end":{"line":211,"column":46}},"85":{"start":{"line":212,"column":8},"end":{"line":212,"column":67}},"86":{"start":{"line":212,"column":28},"end":{"line":212,"column":65}},"87":{"start":{"line":213,"column":8},"end":{"line":219,"column":9}},"88":{"start":{"line":214,"column":12},"end":{"line":216,"column":14}},"89":{"start":{"line":218,"column":12},"end":{"line":218,"column":19}}},"fnMap":{"0":{"name":"(anonymous_0)","decl":{"start":{"line":8,"column":16},"end":{"line":8,"column":17}},"loc":{"start":{"line":8,"column":35},"end":{"line":49,"column":1}},"line":8},"1":{"name":"(anonymous_1)","decl":{"start":{"line":50,"column":18},"end":{"line":50,"column":19}},"loc":{"start":{"line":50,"column":37},"end":{"line":66,"column":1}},"line":50},"2":{"name":"(anonymous_2)","decl":{"start":{"line":67,"column":18},"end":{"line":67,"column":19}},"loc":{"start":{"line":67,"column":37},"end":{"line":87,"column":1}},"line":67},"3":{"name":"(anonymous_3)","decl":{"start":{"line":88,"column":18},"end":{"line":88,"column":19}},"loc":{"start":{"line":88,"column":37},"end":{"line":122,"column":1}},"line":88},"4":{"name":"(anonymous_4)","decl":{"start":{"line":93,"column":32},"end":{"line":93,"column":33}},"loc":{"start":{"line":93,"column":57},"end":{"line":108,"column":3}},"line":93},"5":{"name":"(anonymous_5)","decl":{"start":{"line":101,"column":40},"end":{"line":101,"column":41}},"loc":{"start":{"line":101,"column":47},"end":{"line":101,"column":64}},"line":101},"6":{"name":"(anonymous_6)","decl":{"start":{"line":123,"column":18},"end":{"line":123,"column":19}},"loc":{"start":{"line":123,"column":37},"end":{"line":139,"column":1}},"line":123},"7":{"name":"(anonymous_7)","decl":{"start":{"line":141,"column":18},"end":{"line":141,"column":19}},"loc":{"start":{"line":141,"column":44},"end":{"line":176,"column":5}},"line":141},"8":{"name":"(anonymous_8)","decl":{"start":{"line":143,"column":36},"end":{"line":143,"column":37}},"loc":{"start":{"line":143,"column":44},"end":{"line":143,"column":73}},"line":143},"9":{"name":"(anonymous_9)","decl":{"start":{"line":152,"column":51},"end":{"line":152,"column":52}},"loc":{"start":{"line":153,"column":16},"end":{"line":161,"column":17}},"line":153},"10":{"name":"(anonymous_10)","decl":{"start":{"line":181,"column":24},"end":{"line":181,"column":25}},"loc":{"start":{"line":181,"column":40},"end":{"line":194,"column":5}},"line":181},"11":{"name":"(anonymous_11)","decl":{"start":{"line":186,"column":38},"end":{"line":186,"column":39}},"loc":{"start":{"line":186,"column":50},"end":{"line":192,"column":9}},"line":186},"12":{"name":"(anonymous_12)","decl":{"start":{"line":196,"column":20},"end":{"line":196,"column":21}},"loc":{"start":{"line":196,"column":43},"end":{"line":207,"column":5}},"line":196},"13":{"name":"(anonymous_13)","decl":{"start":{"line":210,"column":21},"end":{"line":210,"column":22}},"loc":{"start":{"line":210,"column":44},"end":{"line":220,"column":5}},"line":210},"14":{"name":"(anonymous_14)","decl":{"start":{"line":212,"column":21},"end":{"line":212,"column":22}},"loc":{"start":{"line":212,"column":28},"end":{"line":212,"column":65}},"line":212}},"branchMap":{"0":{"loc":{"start":{"line":15,"column":8},"end":{"line":20,"column":13}},"type":"if","locations":[{"start":{"line":15,"column":8},"end":{"line":20,"column":13}},{"start":{"line":18,"column":13},"end":{"line":20,"column":13}}],"line":15},"1":{"loc":{"start":{"line":15,"column":12},"end":{"line":15,"column":36}},"type":"binary-expr","locations":[{"start":{"line":15,"column":12},"end":{"line":15,"column":17}},{"start":{"line":15,"column":21},"end":{"line":15,"column":36}}],"line":15},"2":{"loc":{"start":{"line":71,"column":8},"end":{"line":71,"column":88}},"type":"if","locations":[{"start":{"line":71,"column":8},"end":{"line":71,"column":88}},{"start":{},"end":{}}],"line":71},"3":{"loc":{"start":{"line":99,"column":4},"end":{"line":99,"column":57}},"type":"if","locations":[{"start":{"line":99,"column":4},"end":{"line":99,"column":57}},{"start":{},"end":{}}],"line":99},"4":{"loc":{"start":{"line":100,"column":4},"end":{"line":100,"column":60}},"type":"if","locations":[{"start":{"line":100,"column":4},"end":{"line":100,"column":60}},{"start":{},"end":{}}],"line":100},"5":{"loc":{"start":{"line":102,"column":4},"end":{"line":106,"column":4}},"type":"if","locations":[{"start":{"line":102,"column":4},"end":{"line":106,"column":4}},{"start":{},"end":{}}],"line":102},"6":{"loc":{"start":{"line":127,"column":8},"end":{"line":129,"column":9}},"type":"if","locations":[{"start":{"line":127,"column":8},"end":{"line":129,"column":9}},{"start":{},"end":{}}],"line":127},"7":{"loc":{"start":{"line":145,"column":3},"end":{"line":174,"column":5}},"type":"if","locations":[{"start":{"line":145,"column":3},"end":{"line":174,"column":5}},{"start":{"line":147,"column":9},"end":{"line":174,"column":5}}],"line":145},"8":{"loc":{"start":{"line":149,"column":12},"end":{"line":167,"column":13}},"type":"if","locations":[{"start":{"line":149,"column":12},"end":{"line":167,"column":13}},{"start":{"line":165,"column":16},"end":{"line":167,"column":13}}],"line":149},"9":{"loc":{"start":{"line":154,"column":20},"end":{"line":154,"column":39}},"type":"if","locations":[{"start":{"line":154,"column":20},"end":{"line":154,"column":39}},{"start":{},"end":{}}],"line":154},"10":{"loc":{"start":{"line":183,"column":21},"end":{"line":183,"column":59}},"type":"binary-expr","locations":[{"start":{"line":183,"column":21},"end":{"line":183,"column":31}},{"start":{"line":183,"column":35},"end":{"line":183,"column":59}}],"line":183},"11":{"loc":{"start":{"line":184,"column":8},"end":{"line":184,"column":53}},"type":"if","locations":[{"start":{"line":184,"column":8},"end":{"line":184,"column":53}},{"start":{},"end":{}}],"line":184},"12":{"loc":{"start":{"line":187,"column":12},"end":{"line":187,"column":48}},"type":"if","locations":[{"start":{"line":187,"column":12},"end":{"line":187,"column":48}},{"start":{},"end":{}}],"line":187},"13":{"loc":{"start":{"line":200,"column":8},"end":{"line":206,"column":9}},"type":"if","locations":[{"start":{"line":200,"column":8},"end":{"line":206,"column":9}},{"start":{"line":204,"column":14},"end":{"line":206,"column":9}}],"line":200},"14":{"loc":{"start":{"line":213,"column":8},"end":{"line":219,"column":9}},"type":"if","locations":[{"start":{"line":213,"column":8},"end":{"line":219,"column":9}},{"start":{"line":217,"column":14},"end":{"line":219,"column":9}}],"line":213}},"s":{"0":1,"1":0,"2":0,"3":0,"4":0,"5":0,"6":0,"7":0,"8":0,"9":0,"10":0,"11":0,"12":1,"13":0,"14":0,"15":0,"16":0,"17":1,"18":0,"19":0,"20":0,"21":0,"22":0,"23":0,"24":0,"25":1,"26":0,"27":0,"28":0,"29":0,"30":0,"31":0,"32":0,"33":0,"34":0,"35":0,"36":0,"37":0,"38":0,"39":0,"40":0,"41":0,"42":0,"43":0,"44":1,"45":0,"46":0,"47":0,"48":0,"49":0,"50":0,"51":0,"52":1,"53":0,"54":0,"55":0,"56":0,"57":0,"58":0,"59":0,"60":0,"61":0,"62":0,"63":0,"64":0,"65":0,"66":0,"67":0,"68":0,"69":1,"70":0,"71":0,"72":0,"73":0,"74":0,"75":0,"76":0,"77":0,"78":0,"79":1,"80":0,"81":0,"82":0,"83":1,"84":0,"85":0,"86":0,"87":0,"88":0,"89":0},"f":{"0":0,"1":0,"2":0,"3":0,"4":0,"5":0,"6":0,"7":0,"8":0,"9":0,"10":0,"11":0,"12":0,"13":0,"14":0},"b":{"0":[0,0],"1":[0,0],"2":[0,0],"3":[0,0],"4":[0,0],"5":[0,0],"6":[0,0],"7":[0,0],"8":[0,0],"9":[0,0],"10":[0,0],"11":[0,0],"12":[0,0],"13":[0,0],"14":[0,0]},"_coverageSchema":"1a1c01bbd47fc00a2c39e90264f33305004495a9","hash":"6625593d602372a9fd69e5fc8e2e404b56ae0557"}
}
