TN:
SF:server.js
FN:51,(anonymous_0)
FNF:1
FNH:1
FNDA:1,(anonymous_0)
DA:11,1
DA:13,1
DA:16,1
DA:20,1
DA:29,1
DA:51,1
DA:52,1
DA:53,1
DA:54,0
DA:55,0
DA:58,0
DA:60,0
DA:64,0
DA:65,0
DA:66,0
DA:67,0
DA:68,0
LF:17
LH:8
BRDA:29,0,0,1
BRDA:29,0,1,0
BRDA:53,1,0,1
BRDA:53,1,1,0
BRF:4
BRH:2
end_of_record
TN:
SF:Blogs/blogs_Schema.js
FNF:0
FNH:0
DA:2,1
DA:4,1
LF:2
LH:2
BRF:0
BRH:0
end_of_record
TN:
SF:Blogs/Controllers_Blog/blogs_functions.js
FN:5,(anonymous_0)
FN:29,(anonymous_1)
FN:44,(anonymous_2)
FN:57,(anonymous_3)
FN:76,(anonymous_4)
FN:93,(anonymous_5)
FN:95,(anonymous_6)
FNF:7
FNH:0
FNDA:0,(anonymous_0)
FNDA:0,(anonymous_1)
FNDA:0,(anonymous_2)
FNDA:0,(anonymous_3)
FNDA:0,(anonymous_4)
FNDA:0,(anonymous_5)
FNDA:0,(anonymous_6)
DA:5,1
DA:7,0
DA:9,0
DA:19,0
DA:24,0
DA:29,1
DA:30,0
DA:31,0
DA:35,0
DA:41,0
DA:44,1
DA:45,0
DA:46,0
DA:47,0
DA:48,0
DA:49,0
DA:54,0
DA:57,1
DA:58,0
DA:59,0
DA:63,0
DA:68,0
DA:73,0
DA:76,1
DA:77,0
DA:78,0
DA:79,0
DA:80,0
DA:81,0
DA:84,0
DA:89,0
DA:93,1
DA:94,0
DA:95,0
DA:96,0
DA:97,0
DA:101,0
LF:37
LH:6
BRDA:48,0,0,0
BRDA:48,0,1,0
BRDA:80,1,0,0
BRDA:80,1,1,0
BRDA:96,2,0,0
BRDA:96,2,1,0
BRF:6
BRH:0
end_of_record
TN:
SF:Blogs/Routes_blogs/blogs_routes.js
FNF:0
FNH:0
DA:6,1
DA:10,1
DA:13,1
DA:14,1
DA:15,1
DA:16,1
LF:6
LH:6
BRF:0
BRH:0
end_of_record
TN:
SF:Blogs/middlewares_blogs/blogs_validator.js
FN:5,(anonymous_0)
FN:13,(anonymous_1)
FNF:2
FNH:0
FNDA:0,(anonymous_0)
FNDA:0,(anonymous_1)
DA:3,1
DA:5,1
DA:6,0
DA:10,0
DA:11,0
DA:12,0
DA:13,0
DA:14,0
DA:19,0
LF:9
LH:2
BRDA:11,0,0,0
BRDA:11,0,1,0
BRDA:12,1,0,0
BRDA:12,1,1,0
BRDA:14,2,0,0
BRDA:14,2,1,0
BRF:6
BRH:0
end_of_record
TN:
SF:Comment/Comments_routes/comments_routes.js
FNF:0
FNH:0
DA:4,1
DA:8,1
LF:2
LH:2
BRF:0
BRH:0
end_of_record
TN:
SF:Comment/comment_functions/comment_function.js
FN:7,(anonymous_0)
FN:33,(anonymous_1)
FNF:2
FNH:0
FNDA:0,(anonymous_0)
FNDA:0,(anonymous_1)
DA:7,1
DA:8,0
DA:9,0
DA:10,0
DA:11,0
DA:12,0
DA:25,0
DA:29,0
DA:33,1
DA:34,0
DA:35,0
DA:36,0
DA:37,0
DA:38,0
DA:41,0
DA:46,0
LF:16
LH:2
BRDA:9,0,0,0
BRDA:9,0,1,0
BRDA:37,1,0,0
BRDA:37,1,1,0
BRF:4
BRH:0
end_of_record
TN:
SF:Comment/comments_middleware/comments_validators.js
FN:2,(anonymous_0)
FNF:1
FNH:0
FNDA:0,(anonymous_0)
DA:2,1
DA:4,0
DA:5,0
LF:3
LH:1
BRDA:4,0,0,0
BRDA:4,0,1,0
BRF:2
BRH:0
end_of_record
TN:
SF:Contacts/contacts_Schema.js
FNF:0
FNH:0
DA:2,1
DA:4,1
LF:2
LH:2
BRF:0
BRH:0
end_of_record
TN:
SF:Contacts/Controllers_contacts/contacts_functions.js
FN:5,(anonymous_0)
FN:27,(anonymous_1)
FN:42,(anonymous_2)
FN:55,(anonymous_3)
FN:74,(anonymous_4)
FNF:5
FNH:0
FNDA:0,(anonymous_0)
FNDA:0,(anonymous_1)
FNDA:0,(anonymous_2)
FNDA:0,(anonymous_3)
FNDA:0,(anonymous_4)
DA:5,1
DA:7,0
DA:9,0
DA:17,0
DA:22,0
DA:27,1
DA:28,0
DA:29,0
DA:33,0
DA:39,0
DA:42,1
DA:43,0
DA:44,0
DA:45,0
DA:46,0
DA:47,0
DA:52,0
DA:55,1
DA:56,0
DA:57,0
DA:61,0
DA:65,0
DA:66,0
DA:71,0
DA:74,1
DA:75,0
DA:76,0
DA:77,0
DA:78,0
DA:79,0
DA:82,0
DA:87,0
LF:32
LH:5
BRDA:46,0,0,0
BRDA:46,0,1,0
BRDA:65,1,0,0
BRDA:65,1,1,0
BRDA:78,2,0,0
BRDA:78,2,1,0
BRF:6
BRH:0
end_of_record
TN:
SF:Contacts/Routes_contacts/contacts_routes.js
FNF:0
FNH:0
DA:6,1
DA:10,1
DA:11,1
DA:12,1
DA:13,1
DA:14,1
LF:6
LH:6
BRF:0
BRH:0
end_of_record
TN:
SF:Contacts/middlewares_contacts/contacts_validator.js
FN:5,(anonymous_0)
FNF:1
FNH:0
FNDA:0,(anonymous_0)
DA:5,1
DA:6,0
DA:10,0
DA:11,0
DA:12,0
DA:13,0
DA:15,0
LF:7
LH:1
BRDA:11,0,0,0
BRDA:11,0,1,0
BRDA:12,1,0,0
BRDA:12,1,1,0
BRDA:13,2,0,0
BRDA:13,2,1,0
BRF:6
BRH:0
end_of_record
TN:
SF:Subscription/Subscription_Schema.js
FNF:0
FNH:0
DA:2,1
DA:4,1
LF:2
LH:2
BRF:0
BRH:0
end_of_record
TN:
SF:Subscription/Controllers_Subscription/subscription_functions.js
FN:3,(anonymous_0)
FN:19,(anonymous_1)
FN:34,(anonymous_2)
FN:47,(anonymous_3)
FN:65,(anonymous_4)
FN:85,(anonymous_5)
FN:87,(anonymous_6)
FNF:7
FNH:0
FNDA:0,(anonymous_0)
FNDA:0,(anonymous_1)
FNDA:0,(anonymous_2)
FNDA:0,(anonymous_3)
FNDA:0,(anonymous_4)
FNDA:0,(anonymous_5)
FNDA:0,(anonymous_6)
DA:3,1
DA:4,0
DA:5,0
DA:11,0
DA:16,0
DA:19,1
DA:20,0
DA:21,0
DA:25,0
DA:31,0
DA:34,1
DA:35,0
DA:36,0
DA:37,0
DA:39,0
DA:44,0
DA:47,1
DA:48,0
DA:49,0
DA:50,0
DA:53,0
DA:58,0
DA:62,0
DA:65,1
DA:68,0
DA:69,0
DA:70,0
DA:71,0
DA:72,0
DA:74,0
DA:76,0
DA:81,0
DA:85,1
DA:86,0
DA:87,0
DA:88,0
DA:89,0
DA:93,0
LF:38
LH:6
BRDA:71,0,0,0
BRDA:71,0,1,0
BRDA:88,1,0,0
BRDA:88,1,1,0
BRF:4
BRH:0
end_of_record
TN:
SF:Subscription/Routes_Subscription/Subscription_routes.js
FNF:0
FNH:0
DA:7,1
DA:10,1
DA:11,1
DA:12,1
DA:13,1
DA:14,1
LF:6
LH:6
BRF:0
BRH:0
end_of_record
TN:
SF:Subscription/middlewares_contacts/Subscription_validator.js
FN:4,(anonymous_0)
FN:11,(anonymous_1)
FNF:2
FNH:0
FNDA:0,(anonymous_0)
FNDA:0,(anonymous_1)
DA:4,1
DA:5,0
DA:9,0
DA:10,0
DA:11,0
DA:12,0
DA:17,0
LF:7
LH:1
BRDA:10,0,0,0
BRDA:10,0,1,0
BRDA:12,1,0,0
BRDA:12,1,1,0
BRF:4
BRH:0
end_of_record
TN:
SF:Usersfolder/users_Schema.js
FNF:0
FNH:0
DA:2,1
DA:4,1
LF:2
LH:2
BRF:0
BRH:0
end_of_record
TN:
SF:Usersfolder/User_routes/users_routes.js
FNF:0
FNH:0
DA:5,1
DA:9,1
DA:10,1
DA:11,1
DA:12,1
DA:13,1
DA:14,1
LF:7
LH:7
BRF:0
BRH:0
end_of_record
TN:
SF:Usersfolder/controllers_users/users_validator.js
FN:5,(anonymous_0)
FN:13,(anonymous_1)
FNF:2
FNH:0
FNDA:0,(anonymous_0)
FNDA:0,(anonymous_1)
DA:3,1
DA:5,1
DA:6,0
DA:10,0
DA:11,0
DA:12,0
DA:13,0
DA:14,0
DA:19,0
LF:9
LH:2
BRDA:11,0,0,0
BRDA:11,0,1,0
BRDA:12,1,0,0
BRDA:12,1,1,0
BRDA:14,2,0,0
BRDA:14,2,1,0
BRF:6
BRH:0
end_of_record
TN:
SF:Usersfolder/middlewares_users/users_functions.js
FN:8,(anonymous_0)
FN:50,(anonymous_1)
FN:67,(anonymous_2)
FN:88,(anonymous_3)
FN:93,(anonymous_4)
FN:101,(anonymous_5)
FN:123,(anonymous_6)
FN:141,(anonymous_7)
FN:143,(anonymous_8)
FN:152,(anonymous_9)
FN:181,(anonymous_10)
FN:186,(anonymous_11)
FN:196,(anonymous_12)
FN:210,(anonymous_13)
FN:212,(anonymous_14)
FNF:15
FNH:0
FNDA:0,(anonymous_0)
FNDA:0,(anonymous_1)
FNDA:0,(anonymous_2)
FNDA:0,(anonymous_3)
FNDA:0,(anonymous_4)
FNDA:0,(anonymous_5)
FNDA:0,(anonymous_6)
FNDA:0,(anonymous_7)
FNDA:0,(anonymous_8)
FNDA:0,(anonymous_9)
FNDA:0,(anonymous_10)
FNDA:0,(anonymous_11)
FNDA:0,(anonymous_12)
FNDA:0,(anonymous_13)
FNDA:0,(anonymous_14)
DA:8,1
DA:9,0
DA:10,0
DA:11,0
DA:13,0
DA:14,0
DA:15,0
DA:16,0
DA:19,0
DA:23,0
DA:33,0
DA:47,0
DA:50,1
DA:51,0
DA:52,0
DA:56,0
DA:64,0
DA:67,1
DA:68,0
DA:69,0
DA:70,0
DA:71,0
DA:72,0
DA:85,0
DA:88,1
DA:89,0
DA:90,0
DA:91,0
DA:93,0
DA:94,0
DA:98,0
DA:99,0
DA:100,0
DA:101,0
DA:102,0
DA:107,0
DA:110,0
DA:115,0
DA:120,0
DA:123,1
DA:124,0
DA:125,0
DA:126,0
DA:127,0
DA:128,0
DA:132,0
DA:137,0
DA:141,1
DA:142,0
DA:143,0
DA:145,0
DA:148,0
DA:149,0
DA:150,0
DA:152,0
DA:154,0
DA:155,0
DA:156,0
DA:165,0
DA:171,0
DA:175,0
DA:181,1
DA:182,0
DA:183,0
DA:184,0
DA:186,0
DA:187,0
DA:188,0
DA:191,0
DA:196,1
DA:200,0
DA:201,0
DA:205,0
DA:210,1
DA:211,0
DA:212,0
DA:213,0
DA:214,0
DA:218,0
LF:79
LH:9
BRDA:15,0,0,0
BRDA:15,0,1,0
BRDA:15,1,0,0
BRDA:15,1,1,0
BRDA:71,2,0,0
BRDA:71,2,1,0
BRDA:99,3,0,0
BRDA:99,3,1,0
BRDA:100,4,0,0
BRDA:100,4,1,0
BRDA:102,5,0,0
BRDA:102,5,1,0
BRDA:127,6,0,0
BRDA:127,6,1,0
BRDA:145,7,0,0
BRDA:145,7,1,0
BRDA:149,8,0,0
BRDA:149,8,1,0
BRDA:154,9,0,0
BRDA:154,9,1,0
BRDA:183,10,0,0
BRDA:183,10,1,0
BRDA:184,11,0,0
BRDA:184,11,1,0
BRDA:187,12,0,0
BRDA:187,12,1,0
BRDA:200,13,0,0
BRDA:200,13,1,0
BRDA:213,14,0,0
BRDA:213,14,1,0
BRF:30
BRH:0
end_of_record
